0 verbose cli /home/coollxl/.nvm/versions/node/v22.20.0/bin/node /home/coollxl/.nvm/versions/node/v22.20.0/bin/npm
1 info using npm@11.6.2
2 info using node@v22.20.0
3 silly config load:file:/home/coollxl/.nvm/versions/node/v22.20.0/lib/node_modules/npm/npmrc
4 silly config load:file:/home/coollxl/code/ling-atlas/.npmrc
5 silly config load:file:/home/coollxl/.npmrc
6 silly config load:file:/home/coollxl/.nvm/versions/node/v22.20.0/etc/npmrc
7 verbose title npm ci
8 verbose argv "ci" "--cache" ".npm-cache"
9 verbose logfile logs-max:10 dir:/home/coollxl/code/ling-atlas/.npm-cache/_logs/2025-10-13T03_20_02_830Z-
10 verbose logfile /home/coollxl/code/ling-atlas/.npm-cache/_logs/2025-10-13T03_20_02_830Z-debug-0.log
11 silly logfile done cleaning log files
12 silly packumentCache heap:4345298944 maxSize:1086324736 maxEntrySize:543162368
13 silly idealTree buildDeps
14 http fetch GET 200 https://registry.npmmirror.com/npm 158ms
15 silly reify moves {}
16 silly audit bulk request {
16 silly audit   '@algolia/abtesting': [ '1.6.0' ],
16 silly audit   '@algolia/autocomplete-core': [ '1.17.7' ],
16 silly audit   '@algolia/autocomplete-plugin-algolia-insights': [ '1.17.7' ],
16 silly audit   '@algolia/autocomplete-preset-algolia': [ '1.17.7' ],
16 silly audit   '@algolia/autocomplete-shared': [ '1.17.7' ],
16 silly audit   '@algolia/client-abtesting': [ '5.40.0' ],
16 silly audit   '@algolia/client-analytics': [ '5.40.0' ],
16 silly audit   '@algolia/client-common': [ '5.40.0' ],
16 silly audit   '@algolia/client-insights': [ '5.40.0' ],
16 silly audit   '@algolia/client-personalization': [ '5.40.0' ],
16 silly audit   '@algolia/client-query-suggestions': [ '5.40.0' ],
16 silly audit   '@algolia/client-search': [ '5.40.0' ],
16 silly audit   '@algolia/ingestion': [ '1.40.0' ],
16 silly audit   '@algolia/monitoring': [ '1.40.0' ],
16 silly audit   '@algolia/recommend': [ '5.40.0' ],
16 silly audit   '@algolia/requester-browser-xhr': [ '5.40.0' ],
16 silly audit   '@algolia/requester-fetch': [ '5.40.0' ],
16 silly audit   '@algolia/requester-node-http': [ '5.40.0' ],
16 silly audit   '@babel/helper-string-parser': [ '7.27.1' ],
16 silly audit   '@babel/helper-validator-identifier': [ '7.27.1' ],
16 silly audit   '@babel/parser': [ '7.28.4' ],
16 silly audit   '@babel/types': [ '7.28.4' ],
16 silly audit   '@docsearch/css': [ '3.8.2' ],
16 silly audit   '@docsearch/js': [ '3.8.2' ],
16 silly audit   '@docsearch/react': [ '3.8.2' ],
16 silly audit   '@esbuild/aix-ppc64': [ '0.21.5' ],
16 silly audit   '@esbuild/android-arm': [ '0.21.5' ],
16 silly audit   '@esbuild/android-arm64': [ '0.21.5' ],
16 silly audit   '@esbuild/android-x64': [ '0.21.5' ],
16 silly audit   '@esbuild/darwin-arm64': [ '0.21.5' ],
16 silly audit   '@esbuild/darwin-x64': [ '0.21.5' ],
16 silly audit   '@esbuild/freebsd-arm64': [ '0.21.5' ],
16 silly audit   '@esbuild/freebsd-x64': [ '0.21.5' ],
16 silly audit   '@esbuild/linux-arm': [ '0.21.5' ],
16 silly audit   '@esbuild/linux-arm64': [ '0.21.5' ],
16 silly audit   '@esbuild/linux-ia32': [ '0.21.5' ],
16 silly audit   '@esbuild/linux-loong64': [ '0.21.5' ],
16 silly audit   '@esbuild/linux-mips64el': [ '0.21.5' ],
16 silly audit   '@esbuild/linux-ppc64': [ '0.21.5' ],
16 silly audit   '@esbuild/linux-riscv64': [ '0.21.5' ],
16 silly audit   '@esbuild/linux-s390x': [ '0.21.5' ],
16 silly audit   '@esbuild/linux-x64': [ '0.21.5' ],
16 silly audit   '@esbuild/netbsd-x64': [ '0.21.5' ],
16 silly audit   '@esbuild/openbsd-x64': [ '0.21.5' ],
16 silly audit   '@esbuild/sunos-x64': [ '0.21.5' ],
16 silly audit   '@esbuild/win32-arm64': [ '0.21.5' ],
16 silly audit   '@esbuild/win32-ia32': [ '0.21.5' ],
16 silly audit   '@esbuild/win32-x64': [ '0.21.5' ],
16 silly audit   '@iconify-json/simple-icons': [ '1.2.54' ],
16 silly audit   '@iconify/types': [ '2.0.0' ],
16 silly audit   '@jridgewell/sourcemap-codec': [ '1.5.5' ],
16 silly audit   '@nodelib/fs.scandir': [ '2.1.5' ],
16 silly audit   '@nodelib/fs.stat': [ '2.0.5' ],
16 silly audit   '@nodelib/fs.walk': [ '1.2.8' ],
16 silly audit   '@rollup/rollup-android-arm-eabi': [ '4.52.4' ],
16 silly audit   '@rollup/rollup-android-arm64': [ '4.52.4' ],
16 silly audit   '@rollup/rollup-darwin-arm64': [ '4.52.4' ],
16 silly audit   '@rollup/rollup-darwin-x64': [ '4.52.4' ],
16 silly audit   '@rollup/rollup-freebsd-arm64': [ '4.52.4' ],
16 silly audit   '@rollup/rollup-freebsd-x64': [ '4.52.4' ],
16 silly audit   '@rollup/rollup-linux-arm-gnueabihf': [ '4.52.4' ],
16 silly audit   '@rollup/rollup-linux-arm-musleabihf': [ '4.52.4' ],
16 silly audit   '@rollup/rollup-linux-arm64-gnu': [ '4.52.4' ],
16 silly audit   '@rollup/rollup-linux-arm64-musl': [ '4.52.4' ],
16 silly audit   '@rollup/rollup-linux-loong64-gnu': [ '4.52.4' ],
16 silly audit   '@rollup/rollup-linux-ppc64-gnu': [ '4.52.4' ],
16 silly audit   '@rollup/rollup-linux-riscv64-gnu': [ '4.52.4' ],
16 silly audit   '@rollup/rollup-linux-riscv64-musl': [ '4.52.4' ],
16 silly audit   '@rollup/rollup-linux-s390x-gnu': [ '4.52.4' ],
16 silly audit   '@rollup/rollup-linux-x64-gnu': [ '4.52.4' ],
16 silly audit   '@rollup/rollup-linux-x64-musl': [ '4.52.4' ],
16 silly audit   '@rollup/rollup-openharmony-arm64': [ '4.52.4' ],
16 silly audit   '@rollup/rollup-win32-arm64-msvc': [ '4.52.4' ],
16 silly audit   '@rollup/rollup-win32-ia32-msvc': [ '4.52.4' ],
16 silly audit   '@rollup/rollup-win32-x64-gnu': [ '4.52.4' ],
16 silly audit   '@rollup/rollup-win32-x64-msvc': [ '4.52.4' ],
16 silly audit   '@shikijs/core': [ '2.5.0' ],
16 silly audit   '@shikijs/engine-javascript': [ '2.5.0' ],
16 silly audit   '@shikijs/engine-oniguruma': [ '2.5.0' ],
16 silly audit   '@shikijs/langs': [ '2.5.0' ],
16 silly audit   '@shikijs/themes': [ '2.5.0' ],
16 silly audit   '@shikijs/transformers': [ '2.5.0' ],
16 silly audit   '@shikijs/types': [ '2.5.0' ],
16 silly audit   '@shikijs/vscode-textmate': [ '10.0.2' ],
16 silly audit   '@sindresorhus/merge-streams': [ '2.3.0' ],
16 silly audit   '@types/estree': [ '1.0.8' ],
16 silly audit   '@types/hast': [ '3.0.4' ],
16 silly audit   '@types/linkify-it': [ '5.0.0' ],
16 silly audit   '@types/markdown-it': [ '14.1.2' ],
16 silly audit   '@types/mdast': [ '4.0.4' ],
16 silly audit   '@types/mdurl': [ '2.0.0' ],
16 silly audit   '@types/unist': [ '3.0.3' ],
16 silly audit   '@types/web-bluetooth': [ '0.0.21' ],
16 silly audit   '@ungap/structured-clone': [ '1.3.0' ],
16 silly audit   '@vitejs/plugin-vue': [ '5.2.4' ],
16 silly audit   '@vue/compiler-core': [ '3.5.22' ],
16 silly audit   '@vue/compiler-dom': [ '3.5.22' ],
16 silly audit   '@vue/compiler-sfc': [ '3.5.22' ],
16 silly audit   '@vue/compiler-ssr': [ '3.5.22' ],
16 silly audit   '@vue/devtools-api': [ '7.7.7' ],
16 silly audit   '@vue/devtools-kit': [ '7.7.7' ],
16 silly audit   '@vue/devtools-shared': [ '7.7.7' ],
16 silly audit   '@vue/reactivity': [ '3.5.22' ],
16 silly audit   '@vue/runtime-core': [ '3.5.22' ],
16 silly audit   '@vue/runtime-dom': [ '3.5.22' ],
16 silly audit   '@vue/server-renderer': [ '3.5.22' ],
16 silly audit   '@vue/shared': [ '3.5.22' ],
16 silly audit   '@vueuse/core': [ '12.8.2' ],
16 silly audit   '@vueuse/integrations': [ '12.8.2' ],
16 silly audit   '@vueuse/metadata': [ '12.8.2' ],
16 silly audit   '@vueuse/shared': [ '12.8.2' ],
16 silly audit   ajv: [ '8.17.1' ],
16 silly audit   algoliasearch: [ '5.40.0' ],
16 silly audit   argparse: [ '1.0.10' ],
16 silly audit   birpc: [ '2.6.1' ],
16 silly audit   braces: [ '3.0.3' ],
16 silly audit   ccount: [ '2.0.1' ],
16 silly audit   'character-entities-html4': [ '2.1.0' ],
16 silly audit   'character-entities-legacy': [ '3.0.0' ],
16 silly audit   'comma-separated-tokens': [ '2.0.3' ],
16 silly audit   'copy-anything': [ '3.0.5' ],
16 silly audit   csstype: [ '3.1.3' ],
16 silly audit   dequal: [ '2.0.3' ],
16 silly audit   devlop: [ '1.1.0' ],
16 silly audit   'emoji-regex-xs': [ '1.0.0' ],
16 silly audit   entities: [ '4.5.0' ],
16 silly audit   esbuild: [ '0.21.5' ],
16 silly audit   esprima: [ '4.0.1' ],
16 silly audit   'estree-walker': [ '2.0.2' ],
16 silly audit   'extend-shallow': [ '2.0.1' ],
16 silly audit   'fast-deep-equal': [ '3.1.3' ],
16 silly audit   'fast-glob': [ '3.3.3' ],
16 silly audit   'fast-uri': [ '3.1.0' ],
16 silly audit   'fast-xml-parser': [ '4.5.3' ],
16 silly audit   fastq: [ '1.19.1' ],
16 silly audit   'fill-range': [ '7.1.1' ],
16 silly audit   'focus-trap': [ '7.6.5' ],
16 silly audit   fsevents: [ '2.3.3' ],
16 silly audit   'glob-parent': [ '5.1.2' ],
16 silly audit   globby: [ '14.1.0' ],
16 silly audit   'gray-matter': [ '4.0.3' ],
16 silly audit   'hast-util-to-html': [ '9.0.5' ],
16 silly audit   'hast-util-whitespace': [ '3.0.0' ],
16 silly audit   hookable: [ '5.5.3' ],
16 silly audit   'html-void-elements': [ '3.0.0' ],
16 silly audit   ignore: [ '7.0.5' ],
16 silly audit   'is-extendable': [ '0.1.1' ],
16 silly audit   'is-extglob': [ '2.1.1' ],
16 silly audit   'is-glob': [ '4.0.3' ],
16 silly audit   'is-number': [ '7.0.0' ],
16 silly audit   'is-what': [ '4.1.16' ],
16 silly audit   'js-yaml': [ '3.14.1' ],
16 silly audit   'json-schema-traverse': [ '1.0.0' ],
16 silly audit   'kind-of': [ '6.0.3' ],
16 silly audit   'magic-string': [ '0.30.19' ],
16 silly audit   'mark.js': [ '8.11.1' ],
16 silly audit   marked: [ '12.0.2' ],
16 silly audit   'mdast-util-to-hast': [ '13.2.0' ],
16 silly audit   merge2: [ '1.4.1' ],
16 silly audit   'micromark-util-character': [ '2.1.1' ],
16 silly audit   'micromark-util-encode': [ '2.0.1' ],
16 silly audit   'micromark-util-sanitize-uri': [ '2.0.1' ],
16 silly audit   'micromark-util-symbol': [ '2.0.1' ],
16 silly audit   'micromark-util-types': [ '2.0.2' ],
16 silly audit   micromatch: [ '4.0.8' ],
16 silly audit   minisearch: [ '7.2.0' ],
16 silly audit   mitt: [ '3.0.1' ],
16 silly audit   nanoid: [ '3.3.11' ],
16 silly audit   'oniguruma-to-es': [ '3.1.1' ],
16 silly audit   'path-type': [ '6.0.0' ],
16 silly audit   'perfect-debounce': [ '1.0.0' ],
16 silly audit   picocolors: [ '1.1.1' ],
16 silly audit   picomatch: [ '2.3.1' ],
16 silly audit   'pinyin-pro': [ '3.27.0' ],
16 silly audit   postcss: [ '8.5.6' ],
16 silly audit   preact: [ '10.27.2' ],
16 silly audit   'property-information': [ '7.1.0' ],
16 silly audit   'queue-microtask': [ '1.2.3' ],
16 silly audit   regex: [ '6.0.1' ],
16 silly audit   'regex-recursion': [ '6.0.2' ],
16 silly audit   'regex-utilities': [ '2.3.0' ],
16 silly audit   'require-from-string': [ '2.0.2' ],
16 silly audit   reusify: [ '1.1.0' ],
16 silly audit   rfdc: [ '1.4.1' ],
16 silly audit   rollup: [ '4.52.4' ],
16 silly audit   'run-parallel': [ '1.2.0' ],
16 silly audit   'search-insights': [ '2.17.3' ],
16 silly audit   'section-matter': [ '1.0.0' ],
16 silly audit   shiki: [ '2.5.0' ],
16 silly audit   slash: [ '5.1.0' ],
16 silly audit   'source-map-js': [ '1.2.1' ],
16 silly audit   'space-separated-tokens': [ '2.0.2' ],
16 silly audit   speakingurl: [ '14.0.1' ],
16 silly audit   'sprintf-js': [ '1.0.3' ],
16 silly audit   'stringify-entities': [ '4.0.4' ],
16 silly audit   'strip-bom-string': [ '1.0.0' ],
16 silly audit   strnum: [ '1.1.2' ],
16 silly audit   superjson: [ '2.2.2' ],
16 silly audit   tabbable: [ '6.2.0' ],
16 silly audit   'to-regex-range': [ '5.0.1' ],
16 silly audit   'trim-lines': [ '3.0.1' ],
16 silly audit   'unicorn-magic': [ '0.3.0' ],
16 silly audit   'unist-util-is': [ '6.0.0' ],
16 silly audit   'unist-util-position': [ '5.0.0' ],
16 silly audit   'unist-util-stringify-position': [ '4.0.0' ],
16 silly audit   'unist-util-visit': [ '5.0.0' ],
16 silly audit   'unist-util-visit-parents': [ '6.0.1' ],
16 silly audit   vfile: [ '6.0.3' ],
16 silly audit   'vfile-message': [ '4.0.3' ],
16 silly audit   vite: [ '5.4.20' ],
16 silly audit   vitepress: [ '1.6.4' ],
16 silly audit   vue: [ '3.5.22' ],
16 silly audit   zwitch: [ '2.0.4' ]
16 silly audit }
17 http fetch POST 404 https://registry.npmmirror.com/-/npm/v1/security/advisories/bulk 28ms
18 verbose audit error HttpErrorGeneral: 404 Not Found - POST https://registry.npmmirror.com/-/npm/v1/security/advisories/bulk - [NOT_IMPLEMENTED] /-/npm/v1/security/* not implemented yet
18 verbose audit error     at /home/coollxl/.nvm/versions/node/v22.20.0/lib/node_modules/npm/node_modules/npm-registry-fetch/lib/check-response.js:103:15
18 verbose audit error     at process.processTicksAndRejections (node:internal/process/task_queues:105:5)
18 verbose audit error     at async #getReport (/home/coollxl/.nvm/versions/node/v22.20.0/lib/node_modules/npm/node_modules/@npmcli/arborist/lib/audit-report.js:275:19)
18 verbose audit error     at async AuditReport.run (/home/coollxl/.nvm/versions/node/v22.20.0/lib/node_modules/npm/node_modules/@npmcli/arborist/lib/audit-report.js:100:19) {
18 verbose audit error   headers: [Object: null prototype] {
18 verbose audit error     server: [ 'Tengine' ],
18 verbose audit error     date: [ 'Mon, 13 Oct 2025 03:20:02 GMT' ],
18 verbose audit error     'content-type': [ 'application/json' ],
18 verbose audit error     'transfer-encoding': [ 'chunked' ],
18 verbose audit error     connection: [ 'keep-alive' ],
18 verbose audit error     'strict-transport-security': [ 'max-age=5184000' ],
18 verbose audit error     via: [ 'kunlun12.cn7728[,404666]' ],
18 verbose audit error     'timing-allow-origin': [ '*' ],
18 verbose audit error     eagleid: [ '7030a39417603256021647406e' ],
18 verbose audit error     'x-fetch-attempts': [ '1' ]
18 verbose audit error   },
18 verbose audit error   statusCode: 404,
18 verbose audit error   code: 'E404',
18 verbose audit error   method: 'POST',
18 verbose audit error   uri: 'https://registry.npmmirror.com/-/npm/v1/security/advisories/bulk',
18 verbose audit error   body: {
18 verbose audit error     error: '[NOT_IMPLEMENTED] /-/npm/v1/security/* not implemented yet'
18 verbose audit error   },
18 verbose audit error   pkgid: undefined
18 verbose audit error }
19 silly audit error [object Object]
20 silly audit report null
21 http cache zwitch@https://registry.npmmirror.com/zwitch/-/zwitch-2.0.4.tgz 0ms (cache hit)
22 http cache vue@https://registry.npmmirror.com/vue/-/vue-3.5.22.tgz 0ms (cache hit)
23 http cache vitepress@https://registry.npmmirror.com/vitepress/-/vitepress-1.6.4.tgz 0ms (cache hit)
24 http cache vite@https://registry.npmmirror.com/vite/-/vite-5.4.20.tgz 0ms (cache hit)
25 http cache vfile-message@https://registry.npmmirror.com/vfile-message/-/vfile-message-4.0.3.tgz 0ms (cache hit)
26 http cache vfile@https://registry.npmmirror.com/vfile/-/vfile-6.0.3.tgz 0ms (cache hit)
27 http cache unist-util-visit-parents@https://registry.npmmirror.com/unist-util-visit-parents/-/unist-util-visit-parents-6.0.1.tgz 0ms (cache hit)
28 http cache unist-util-visit@https://registry.npmmirror.com/unist-util-visit/-/unist-util-visit-5.0.0.tgz 0ms (cache hit)
29 http cache unist-util-stringify-position@https://registry.npmmirror.com/unist-util-stringify-position/-/unist-util-stringify-position-4.0.0.tgz 0ms (cache hit)
30 http cache unist-util-position@https://registry.npmmirror.com/unist-util-position/-/unist-util-position-5.0.0.tgz 0ms (cache hit)
31 http cache unist-util-is@https://registry.npmmirror.com/unist-util-is/-/unist-util-is-6.0.0.tgz 0ms (cache hit)
32 http cache trim-lines@https://registry.npmmirror.com/trim-lines/-/trim-lines-3.0.1.tgz 0ms (cache hit)
33 http cache to-regex-range@https://registry.npmmirror.com/to-regex-range/-/to-regex-range-5.0.1.tgz 0ms (cache hit)
34 http cache tabbable@https://registry.npmmirror.com/tabbable/-/tabbable-6.2.0.tgz 0ms (cache hit)
35 http cache unicorn-magic@https://registry.npmmirror.com/unicorn-magic/-/unicorn-magic-0.3.0.tgz 0ms (cache hit)
36 http cache strnum@https://registry.npmmirror.com/strnum/-/strnum-1.1.2.tgz 0ms (cache hit)
37 http cache strip-bom-string@https://registry.npmmirror.com/strip-bom-string/-/strip-bom-string-1.0.0.tgz 0ms (cache hit)
38 http cache superjson@https://registry.npmmirror.com/superjson/-/superjson-2.2.2.tgz 0ms (cache hit)
39 http cache sprintf-js@https://registry.npmmirror.com/sprintf-js/-/sprintf-js-1.0.3.tgz 0ms (cache hit)
40 http cache speakingurl@https://registry.npmmirror.com/speakingurl/-/speakingurl-14.0.1.tgz 0ms (cache hit)
41 http cache space-separated-tokens@https://registry.npmmirror.com/space-separated-tokens/-/space-separated-tokens-2.0.2.tgz 0ms (cache hit)
42 http cache source-map-js@https://registry.npmmirror.com/source-map-js/-/source-map-js-1.2.1.tgz 0ms (cache hit)
43 http cache slash@https://registry.npmmirror.com/slash/-/slash-5.1.0.tgz 0ms (cache hit)
44 http cache shiki@https://registry.npmmirror.com/shiki/-/shiki-2.5.0.tgz 0ms (cache hit)
45 http cache search-insights@https://registry.npmmirror.com/search-insights/-/search-insights-2.17.3.tgz 0ms (cache hit)
46 http cache section-matter@https://registry.npmmirror.com/section-matter/-/section-matter-1.0.0.tgz 0ms (cache hit)
47 http cache stringify-entities@https://registry.npmmirror.com/stringify-entities/-/stringify-entities-4.0.4.tgz 0ms (cache hit)
48 http cache run-parallel@https://registry.npmmirror.com/run-parallel/-/run-parallel-1.2.0.tgz 0ms (cache hit)
49 http cache rollup@https://registry.npmmirror.com/rollup/-/rollup-4.52.4.tgz 0ms (cache hit)
50 http cache rfdc@https://registry.npmmirror.com/rfdc/-/rfdc-1.4.1.tgz 0ms (cache hit)
51 http cache reusify@https://registry.npmmirror.com/reusify/-/reusify-1.1.0.tgz 0ms (cache hit)
52 http cache require-from-string@https://registry.npmmirror.com/require-from-string/-/require-from-string-2.0.2.tgz 0ms (cache hit)
53 http cache regex-utilities@https://registry.npmmirror.com/regex-utilities/-/regex-utilities-2.3.0.tgz 0ms (cache hit)
54 http cache regex-recursion@https://registry.npmmirror.com/regex-recursion/-/regex-recursion-6.0.2.tgz 0ms (cache hit)
55 http cache regex@https://registry.npmmirror.com/regex/-/regex-6.0.1.tgz 0ms (cache hit)
56 http cache queue-microtask@https://registry.npmmirror.com/queue-microtask/-/queue-microtask-1.2.3.tgz 0ms (cache hit)
57 http cache property-information@https://registry.npmmirror.com/property-information/-/property-information-7.1.0.tgz 0ms (cache hit)
58 http cache postcss@https://registry.npmmirror.com/postcss/-/postcss-8.5.6.tgz 0ms (cache hit)
59 http cache pinyin-pro@https://registry.npmmirror.com/pinyin-pro/-/pinyin-pro-3.27.0.tgz 1ms (cache hit)
60 http cache picomatch@https://registry.npmmirror.com/picomatch/-/picomatch-2.3.1.tgz 0ms (cache hit)
61 http cache picocolors@https://registry.npmmirror.com/picocolors/-/picocolors-1.1.1.tgz 0ms (cache hit)
62 http cache perfect-debounce@https://registry.npmmirror.com/perfect-debounce/-/perfect-debounce-1.0.0.tgz 0ms (cache hit)
63 http cache path-type@https://registry.npmmirror.com/path-type/-/path-type-6.0.0.tgz 0ms (cache hit)
64 http cache oniguruma-to-es@https://registry.npmmirror.com/oniguruma-to-es/-/oniguruma-to-es-3.1.1.tgz 0ms (cache hit)
65 http cache nanoid@https://registry.npmmirror.com/nanoid/-/nanoid-3.3.11.tgz 0ms (cache hit)
66 http cache preact@https://registry.npmmirror.com/preact/-/preact-10.27.2.tgz 0ms (cache hit)
67 http cache mitt@https://registry.npmmirror.com/mitt/-/mitt-3.0.1.tgz 0ms (cache hit)
68 http cache minisearch@https://registry.npmmirror.com/minisearch/-/minisearch-7.2.0.tgz 0ms (cache hit)
69 http cache micromatch@https://registry.npmmirror.com/micromatch/-/micromatch-4.0.8.tgz 0ms (cache hit)
70 http cache micromark-util-types@https://registry.npmmirror.com/micromark-util-types/-/micromark-util-types-2.0.2.tgz 0ms (cache hit)
71 http cache micromark-util-symbol@https://registry.npmmirror.com/micromark-util-symbol/-/micromark-util-symbol-2.0.1.tgz 0ms (cache hit)
72 http cache merge2@https://registry.npmmirror.com/merge2/-/merge2-1.4.1.tgz 0ms (cache hit)
73 http cache micromark-util-character@https://registry.npmmirror.com/micromark-util-character/-/micromark-util-character-2.1.1.tgz 0ms (cache hit)
74 http cache micromark-util-encode@https://registry.npmmirror.com/micromark-util-encode/-/micromark-util-encode-2.0.1.tgz 0ms (cache hit)
75 http cache mdast-util-to-hast@https://registry.npmmirror.com/mdast-util-to-hast/-/mdast-util-to-hast-13.2.0.tgz 0ms (cache hit)
76 http cache micromark-util-sanitize-uri@https://registry.npmmirror.com/micromark-util-sanitize-uri/-/micromark-util-sanitize-uri-2.0.1.tgz 0ms (cache hit)
77 http cache marked@https://registry.npmmirror.com/marked/-/marked-12.0.2.tgz 0ms (cache hit)
78 http cache mark.js@https://registry.npmmirror.com/mark.js/-/mark.js-8.11.1.tgz 0ms (cache hit)
79 http cache magic-string@https://registry.npmmirror.com/magic-string/-/magic-string-0.30.19.tgz 0ms (cache hit)
80 http cache kind-of@https://registry.npmmirror.com/kind-of/-/kind-of-6.0.3.tgz 0ms (cache hit)
81 http cache json-schema-traverse@https://registry.npmmirror.com/json-schema-traverse/-/json-schema-traverse-1.0.0.tgz 0ms (cache hit)
82 http cache js-yaml@https://registry.npmmirror.com/js-yaml/-/js-yaml-3.14.1.tgz 0ms (cache hit)
83 http cache is-what@https://registry.npmmirror.com/is-what/-/is-what-4.1.16.tgz 0ms (cache hit)
84 http cache is-number@https://registry.npmmirror.com/is-number/-/is-number-7.0.0.tgz 0ms (cache hit)
85 http cache is-glob@https://registry.npmmirror.com/is-glob/-/is-glob-4.0.3.tgz 0ms (cache hit)
86 http cache is-extglob@https://registry.npmmirror.com/is-extglob/-/is-extglob-2.1.1.tgz 0ms (cache hit)
87 http cache is-extendable@https://registry.npmmirror.com/is-extendable/-/is-extendable-0.1.1.tgz 0ms (cache hit)
88 http cache ignore@https://registry.npmmirror.com/ignore/-/ignore-7.0.5.tgz 0ms (cache hit)
89 http cache html-void-elements@https://registry.npmmirror.com/html-void-elements/-/html-void-elements-3.0.0.tgz 0ms (cache hit)
90 http cache hookable@https://registry.npmmirror.com/hookable/-/hookable-5.5.3.tgz 0ms (cache hit)
91 http cache hast-util-whitespace@https://registry.npmmirror.com/hast-util-whitespace/-/hast-util-whitespace-3.0.0.tgz 0ms (cache hit)
92 http cache hast-util-to-html@https://registry.npmmirror.com/hast-util-to-html/-/hast-util-to-html-9.0.5.tgz 0ms (cache hit)
93 http cache gray-matter@https://registry.npmmirror.com/gray-matter/-/gray-matter-4.0.3.tgz 0ms (cache hit)
94 http cache globby@https://registry.npmmirror.com/globby/-/globby-14.1.0.tgz 0ms (cache hit)
95 http cache glob-parent@https://registry.npmmirror.com/glob-parent/-/glob-parent-5.1.2.tgz 0ms (cache hit)
96 http cache focus-trap@https://registry.npmmirror.com/focus-trap/-/focus-trap-7.6.5.tgz 0ms (cache hit)
97 http cache fill-range@https://registry.npmmirror.com/fill-range/-/fill-range-7.1.1.tgz 0ms (cache hit)
98 http cache fastq@https://registry.npmmirror.com/fastq/-/fastq-1.19.1.tgz 0ms (cache hit)
99 http cache fast-xml-parser@https://registry.npmmirror.com/fast-xml-parser/-/fast-xml-parser-4.5.3.tgz 0ms (cache hit)
100 http cache fast-uri@https://registry.npmmirror.com/fast-uri/-/fast-uri-3.1.0.tgz 0ms (cache hit)
101 http cache fast-deep-equal@https://registry.npmmirror.com/fast-deep-equal/-/fast-deep-equal-3.1.3.tgz 0ms (cache hit)
102 http cache fast-glob@https://registry.npmmirror.com/fast-glob/-/fast-glob-3.3.3.tgz 0ms (cache hit)
103 http cache estree-walker@https://registry.npmmirror.com/estree-walker/-/estree-walker-2.0.2.tgz 0ms (cache hit)
104 http cache esprima@https://registry.npmmirror.com/esprima/-/esprima-4.0.1.tgz 0ms (cache hit)
105 http cache extend-shallow@https://registry.npmmirror.com/extend-shallow/-/extend-shallow-2.0.1.tgz 1ms (cache hit)
106 http cache esbuild@https://registry.npmmirror.com/esbuild/-/esbuild-0.21.5.tgz 0ms (cache hit)
107 http cache entities@https://registry.npmmirror.com/entities/-/entities-4.5.0.tgz 0ms (cache hit)
108 http cache emoji-regex-xs@https://registry.npmmirror.com/emoji-regex-xs/-/emoji-regex-xs-1.0.0.tgz 0ms (cache hit)
109 http cache devlop@https://registry.npmmirror.com/devlop/-/devlop-1.1.0.tgz 0ms (cache hit)
110 http cache dequal@https://registry.npmmirror.com/dequal/-/dequal-2.0.3.tgz 0ms (cache hit)
111 http cache csstype@https://registry.npmmirror.com/csstype/-/csstype-3.1.3.tgz 0ms (cache hit)
112 http cache copy-anything@https://registry.npmmirror.com/copy-anything/-/copy-anything-3.0.5.tgz 0ms (cache hit)
113 http cache comma-separated-tokens@https://registry.npmmirror.com/comma-separated-tokens/-/comma-separated-tokens-2.0.3.tgz 0ms (cache hit)
114 http cache character-entities-legacy@https://registry.npmmirror.com/character-entities-legacy/-/character-entities-legacy-3.0.0.tgz 0ms (cache hit)
115 http cache character-entities-html4@https://registry.npmmirror.com/character-entities-html4/-/character-entities-html4-2.1.0.tgz 0ms (cache hit)
116 http cache ccount@https://registry.npmmirror.com/ccount/-/ccount-2.0.1.tgz 0ms (cache hit)
117 http cache braces@https://registry.npmmirror.com/braces/-/braces-3.0.3.tgz 0ms (cache hit)
118 http cache birpc@https://registry.npmmirror.com/birpc/-/birpc-2.6.1.tgz 0ms (cache hit)
119 http cache argparse@https://registry.npmmirror.com/argparse/-/argparse-1.0.10.tgz 0ms (cache hit)
120 http cache algoliasearch@https://registry.npmmirror.com/algoliasearch/-/algoliasearch-5.40.0.tgz 0ms (cache hit)
121 http cache ajv@https://registry.npmmirror.com/ajv/-/ajv-8.17.1.tgz 0ms (cache hit)
122 http cache @vueuse/shared@https://registry.npmmirror.com/@vueuse/shared/-/shared-12.8.2.tgz 0ms (cache hit)
123 http cache @vueuse/metadata@https://registry.npmmirror.com/@vueuse/metadata/-/metadata-12.8.2.tgz 0ms (cache hit)
124 http cache @vue/shared@https://registry.npmmirror.com/@vue/shared/-/shared-3.5.22.tgz 0ms (cache hit)
125 http cache @vueuse/core@https://registry.npmmirror.com/@vueuse/core/-/core-12.8.2.tgz 0ms (cache hit)
126 http cache @vueuse/integrations@https://registry.npmmirror.com/@vueuse/integrations/-/integrations-12.8.2.tgz 0ms (cache hit)
127 http cache @vue/server-renderer@https://registry.npmmirror.com/@vue/server-renderer/-/server-renderer-3.5.22.tgz 0ms (cache hit)
128 http cache @vue/runtime-dom@https://registry.npmmirror.com/@vue/runtime-dom/-/runtime-dom-3.5.22.tgz 0ms (cache hit)
129 http cache @vue/runtime-core@https://registry.npmmirror.com/@vue/runtime-core/-/runtime-core-3.5.22.tgz 0ms (cache hit)
130 http cache @vue/devtools-shared@https://registry.npmmirror.com/@vue/devtools-shared/-/devtools-shared-7.7.7.tgz 0ms (cache hit)
131 http cache @vue/reactivity@https://registry.npmmirror.com/@vue/reactivity/-/reactivity-3.5.22.tgz 0ms (cache hit)
132 http cache @vue/devtools-kit@https://registry.npmmirror.com/@vue/devtools-kit/-/devtools-kit-7.7.7.tgz 0ms (cache hit)
133 http cache @vue/compiler-ssr@https://registry.npmmirror.com/@vue/compiler-ssr/-/compiler-ssr-3.5.22.tgz 0ms (cache hit)
134 http cache @vue/compiler-sfc@https://registry.npmmirror.com/@vue/compiler-sfc/-/compiler-sfc-3.5.22.tgz 0ms (cache hit)
135 http cache @vue/compiler-dom@https://registry.npmmirror.com/@vue/compiler-dom/-/compiler-dom-3.5.22.tgz 0ms (cache hit)
136 http cache @vitejs/plugin-vue@https://registry.npmmirror.com/@vitejs/plugin-vue/-/plugin-vue-5.2.4.tgz 0ms (cache hit)
137 http cache @ungap/structured-clone@https://registry.npmmirror.com/@ungap/structured-clone/-/structured-clone-1.3.0.tgz 0ms (cache hit)
138 http cache @types/web-bluetooth@https://registry.npmmirror.com/@types/web-bluetooth/-/web-bluetooth-0.0.21.tgz 0ms (cache hit)
139 http cache @types/unist@https://registry.npmmirror.com/@types/unist/-/unist-3.0.3.tgz 0ms (cache hit)
140 http cache @types/mdurl@https://registry.npmmirror.com/@types/mdurl/-/mdurl-2.0.0.tgz 0ms (cache hit)
141 http cache @types/mdast@https://registry.npmmirror.com/@types/mdast/-/mdast-4.0.4.tgz 0ms (cache hit)
142 http cache @types/markdown-it@https://registry.npmmirror.com/@types/markdown-it/-/markdown-it-14.1.2.tgz 0ms (cache hit)
143 http cache @types/linkify-it@https://registry.npmmirror.com/@types/linkify-it/-/linkify-it-5.0.0.tgz 0ms (cache hit)
144 http cache @types/hast@https://registry.npmmirror.com/@types/hast/-/hast-3.0.4.tgz 0ms (cache hit)
145 http cache @vue/compiler-core@https://registry.npmmirror.com/@vue/compiler-core/-/compiler-core-3.5.22.tgz 0ms (cache hit)
146 http cache @types/estree@https://registry.npmmirror.com/@types/estree/-/estree-1.0.8.tgz 0ms (cache hit)
147 http cache @vue/devtools-api@https://registry.npmmirror.com/@vue/devtools-api/-/devtools-api-7.7.7.tgz 0ms (cache hit)
148 http cache @shikijs/vscode-textmate@https://registry.npmmirror.com/@shikijs/vscode-textmate/-/vscode-textmate-10.0.2.tgz 0ms (cache hit)
149 http cache @sindresorhus/merge-streams@https://registry.npmmirror.com/@sindresorhus/merge-streams/-/merge-streams-2.3.0.tgz 0ms (cache hit)
150 http cache @shikijs/transformers@https://registry.npmmirror.com/@shikijs/transformers/-/transformers-2.5.0.tgz 0ms (cache hit)
151 http cache @shikijs/types@https://registry.npmmirror.com/@shikijs/types/-/types-2.5.0.tgz 0ms (cache hit)
152 http cache @shikijs/themes@https://registry.npmmirror.com/@shikijs/themes/-/themes-2.5.0.tgz 0ms (cache hit)
153 http cache @shikijs/langs@https://registry.npmmirror.com/@shikijs/langs/-/langs-2.5.0.tgz 0ms (cache hit)
154 http cache @shikijs/engine-javascript@https://registry.npmmirror.com/@shikijs/engine-javascript/-/engine-javascript-2.5.0.tgz 0ms (cache hit)
155 http cache @shikijs/core@https://registry.npmmirror.com/@shikijs/core/-/core-2.5.0.tgz 0ms (cache hit)
156 http cache @shikijs/engine-oniguruma@https://registry.npmmirror.com/@shikijs/engine-oniguruma/-/engine-oniguruma-2.5.0.tgz 0ms (cache hit)
157 http cache @rollup/rollup-linux-x64-musl@https://registry.npmmirror.com/@rollup/rollup-linux-x64-musl/-/rollup-linux-x64-musl-4.52.4.tgz 0ms (cache hit)
158 http cache @rollup/rollup-linux-x64-gnu@https://registry.npmmirror.com/@rollup/rollup-linux-x64-gnu/-/rollup-linux-x64-gnu-4.52.4.tgz 0ms (cache hit)
159 http cache @nodelib/fs.walk@https://registry.npmmirror.com/@nodelib/fs.walk/-/fs.walk-1.2.8.tgz 0ms (cache hit)
160 http cache @nodelib/fs.scandir@https://registry.npmmirror.com/@nodelib/fs.scandir/-/fs.scandir-2.1.5.tgz 0ms (cache hit)
161 http cache @jridgewell/sourcemap-codec@https://registry.npmmirror.com/@jridgewell/sourcemap-codec/-/sourcemap-codec-1.5.5.tgz 0ms (cache hit)
162 http cache @iconify/types@https://registry.npmmirror.com/@iconify/types/-/types-2.0.0.tgz 0ms (cache hit)
163 http cache @nodelib/fs.stat@https://registry.npmmirror.com/@nodelib/fs.stat/-/fs.stat-2.0.5.tgz 0ms (cache hit)
164 http cache @iconify-json/simple-icons@https://registry.npmmirror.com/@iconify-json/simple-icons/-/simple-icons-1.2.54.tgz 0ms (cache hit)
165 http cache @esbuild/linux-x64@https://registry.npmmirror.com/@esbuild/linux-x64/-/linux-x64-0.21.5.tgz 0ms (cache hit)
166 http cache @docsearch/react@https://registry.npmmirror.com/@docsearch/react/-/react-3.8.2.tgz 0ms (cache hit)
167 http cache @docsearch/js@https://registry.npmmirror.com/@docsearch/js/-/js-3.8.2.tgz 0ms (cache hit)
168 http cache @docsearch/css@https://registry.npmmirror.com/@docsearch/css/-/css-3.8.2.tgz 0ms (cache hit)
169 http cache @babel/types@https://registry.npmmirror.com/@babel/types/-/types-7.28.4.tgz 0ms (cache hit)
170 http cache @babel/parser@https://registry.npmmirror.com/@babel/parser/-/parser-7.28.4.tgz 0ms (cache hit)
171 http cache @babel/helper-validator-identifier@https://registry.npmmirror.com/@babel/helper-validator-identifier/-/helper-validator-identifier-7.27.1.tgz 0ms (cache hit)
172 http cache @babel/helper-string-parser@https://registry.npmmirror.com/@babel/helper-string-parser/-/helper-string-parser-7.27.1.tgz 0ms (cache hit)
173 http cache @algolia/requester-node-http@https://registry.npmmirror.com/@algolia/requester-node-http/-/requester-node-http-5.40.0.tgz 0ms (cache hit)
174 http cache @algolia/requester-fetch@https://registry.npmmirror.com/@algolia/requester-fetch/-/requester-fetch-5.40.0.tgz 0ms (cache hit)
175 http cache @algolia/requester-browser-xhr@https://registry.npmmirror.com/@algolia/requester-browser-xhr/-/requester-browser-xhr-5.40.0.tgz 0ms (cache hit)
176 http cache @algolia/monitoring@https://registry.npmmirror.com/@algolia/monitoring/-/monitoring-1.40.0.tgz 0ms (cache hit)
177 http cache @algolia/ingestion@https://registry.npmmirror.com/@algolia/ingestion/-/ingestion-1.40.0.tgz 0ms (cache hit)
178 http cache @algolia/client-search@https://registry.npmmirror.com/@algolia/client-search/-/client-search-5.40.0.tgz 0ms (cache hit)
179 http cache @algolia/recommend@https://registry.npmmirror.com/@algolia/recommend/-/recommend-5.40.0.tgz 0ms (cache hit)
180 http cache @algolia/client-query-suggestions@https://registry.npmmirror.com/@algolia/client-query-suggestions/-/client-query-suggestions-5.40.0.tgz 0ms (cache hit)
181 http cache @algolia/client-personalization@https://registry.npmmirror.com/@algolia/client-personalization/-/client-personalization-5.40.0.tgz 0ms (cache hit)
182 http cache @algolia/client-insights@https://registry.npmmirror.com/@algolia/client-insights/-/client-insights-5.40.0.tgz 0ms (cache hit)
183 http cache @algolia/client-common@https://registry.npmmirror.com/@algolia/client-common/-/client-common-5.40.0.tgz 0ms (cache hit)
184 http cache @algolia/client-analytics@https://registry.npmmirror.com/@algolia/client-analytics/-/client-analytics-5.40.0.tgz 0ms (cache hit)
185 http cache @algolia/client-abtesting@https://registry.npmmirror.com/@algolia/client-abtesting/-/client-abtesting-5.40.0.tgz 0ms (cache hit)
186 http cache @algolia/autocomplete-shared@https://registry.npmmirror.com/@algolia/autocomplete-shared/-/autocomplete-shared-1.17.7.tgz 0ms (cache hit)
187 http cache @algolia/autocomplete-preset-algolia@https://registry.npmmirror.com/@algolia/autocomplete-preset-algolia/-/autocomplete-preset-algolia-1.17.7.tgz 0ms (cache hit)
188 http cache @algolia/autocomplete-plugin-algolia-insights@https://registry.npmmirror.com/@algolia/autocomplete-plugin-algolia-insights/-/autocomplete-plugin-algolia-insights-1.17.7.tgz 0ms (cache hit)
189 http cache @algolia/autocomplete-core@https://registry.npmmirror.com/@algolia/autocomplete-core/-/autocomplete-core-1.17.7.tgz 0ms (cache hit)
190 http cache @algolia/abtesting@https://registry.npmmirror.com/@algolia/abtesting/-/abtesting-1.6.0.tgz 0ms (cache hit)
191 silly tarball no local data for zwitch@https://registry.npmmirror.com/zwitch/-/zwitch-2.0.4.tgz. Extracting by manifest.
192 silly tarball no local data for vue@https://registry.npmmirror.com/vue/-/vue-3.5.22.tgz. Extracting by manifest.
193 silly tarball no local data for vitepress@https://registry.npmmirror.com/vitepress/-/vitepress-1.6.4.tgz. Extracting by manifest.
194 silly tarball no local data for vite@https://registry.npmmirror.com/vite/-/vite-5.4.20.tgz. Extracting by manifest.
195 silly tarball no local data for vfile-message@https://registry.npmmirror.com/vfile-message/-/vfile-message-4.0.3.tgz. Extracting by manifest.
196 silly tarball no local data for vfile@https://registry.npmmirror.com/vfile/-/vfile-6.0.3.tgz. Extracting by manifest.
197 silly tarball no local data for unist-util-visit-parents@https://registry.npmmirror.com/unist-util-visit-parents/-/unist-util-visit-parents-6.0.1.tgz. Extracting by manifest.
198 silly tarball no local data for unist-util-visit@https://registry.npmmirror.com/unist-util-visit/-/unist-util-visit-5.0.0.tgz. Extracting by manifest.
199 silly tarball no local data for unist-util-stringify-position@https://registry.npmmirror.com/unist-util-stringify-position/-/unist-util-stringify-position-4.0.0.tgz. Extracting by manifest.
200 silly tarball no local data for unist-util-position@https://registry.npmmirror.com/unist-util-position/-/unist-util-position-5.0.0.tgz. Extracting by manifest.
201 silly tarball no local data for unist-util-is@https://registry.npmmirror.com/unist-util-is/-/unist-util-is-6.0.0.tgz. Extracting by manifest.
202 silly tarball no local data for trim-lines@https://registry.npmmirror.com/trim-lines/-/trim-lines-3.0.1.tgz. Extracting by manifest.
203 silly tarball no local data for to-regex-range@https://registry.npmmirror.com/to-regex-range/-/to-regex-range-5.0.1.tgz. Extracting by manifest.
204 silly tarball no local data for tabbable@https://registry.npmmirror.com/tabbable/-/tabbable-6.2.0.tgz. Extracting by manifest.
205 silly tarball no local data for unicorn-magic@https://registry.npmmirror.com/unicorn-magic/-/unicorn-magic-0.3.0.tgz. Extracting by manifest.
206 silly tarball no local data for strnum@https://registry.npmmirror.com/strnum/-/strnum-1.1.2.tgz. Extracting by manifest.
207 silly tarball no local data for strip-bom-string@https://registry.npmmirror.com/strip-bom-string/-/strip-bom-string-1.0.0.tgz. Extracting by manifest.
208 silly tarball no local data for superjson@https://registry.npmmirror.com/superjson/-/superjson-2.2.2.tgz. Extracting by manifest.
209 silly tarball no local data for sprintf-js@https://registry.npmmirror.com/sprintf-js/-/sprintf-js-1.0.3.tgz. Extracting by manifest.
210 silly tarball no local data for speakingurl@https://registry.npmmirror.com/speakingurl/-/speakingurl-14.0.1.tgz. Extracting by manifest.
211 silly tarball no local data for space-separated-tokens@https://registry.npmmirror.com/space-separated-tokens/-/space-separated-tokens-2.0.2.tgz. Extracting by manifest.
212 silly tarball no local data for source-map-js@https://registry.npmmirror.com/source-map-js/-/source-map-js-1.2.1.tgz. Extracting by manifest.
213 silly tarball no local data for slash@https://registry.npmmirror.com/slash/-/slash-5.1.0.tgz. Extracting by manifest.
214 silly tarball no local data for shiki@https://registry.npmmirror.com/shiki/-/shiki-2.5.0.tgz. Extracting by manifest.
215 silly tarball no local data for search-insights@https://registry.npmmirror.com/search-insights/-/search-insights-2.17.3.tgz. Extracting by manifest.
216 silly tarball no local data for section-matter@https://registry.npmmirror.com/section-matter/-/section-matter-1.0.0.tgz. Extracting by manifest.
217 silly tarball no local data for stringify-entities@https://registry.npmmirror.com/stringify-entities/-/stringify-entities-4.0.4.tgz. Extracting by manifest.
218 silly tarball no local data for run-parallel@https://registry.npmmirror.com/run-parallel/-/run-parallel-1.2.0.tgz. Extracting by manifest.
219 silly tarball no local data for rollup@https://registry.npmmirror.com/rollup/-/rollup-4.52.4.tgz. Extracting by manifest.
220 silly tarball no local data for rfdc@https://registry.npmmirror.com/rfdc/-/rfdc-1.4.1.tgz. Extracting by manifest.
221 silly tarball no local data for reusify@https://registry.npmmirror.com/reusify/-/reusify-1.1.0.tgz. Extracting by manifest.
222 silly tarball no local data for require-from-string@https://registry.npmmirror.com/require-from-string/-/require-from-string-2.0.2.tgz. Extracting by manifest.
223 silly tarball no local data for regex-utilities@https://registry.npmmirror.com/regex-utilities/-/regex-utilities-2.3.0.tgz. Extracting by manifest.
224 silly tarball no local data for regex-recursion@https://registry.npmmirror.com/regex-recursion/-/regex-recursion-6.0.2.tgz. Extracting by manifest.
225 silly tarball no local data for regex@https://registry.npmmirror.com/regex/-/regex-6.0.1.tgz. Extracting by manifest.
226 silly tarball no local data for queue-microtask@https://registry.npmmirror.com/queue-microtask/-/queue-microtask-1.2.3.tgz. Extracting by manifest.
227 silly tarball no local data for property-information@https://registry.npmmirror.com/property-information/-/property-information-7.1.0.tgz. Extracting by manifest.
228 silly tarball no local data for postcss@https://registry.npmmirror.com/postcss/-/postcss-8.5.6.tgz. Extracting by manifest.
229 silly tarball no local data for pinyin-pro@https://registry.npmmirror.com/pinyin-pro/-/pinyin-pro-3.27.0.tgz. Extracting by manifest.
230 silly tarball no local data for picomatch@https://registry.npmmirror.com/picomatch/-/picomatch-2.3.1.tgz. Extracting by manifest.
231 silly tarball no local data for picocolors@https://registry.npmmirror.com/picocolors/-/picocolors-1.1.1.tgz. Extracting by manifest.
232 silly tarball no local data for perfect-debounce@https://registry.npmmirror.com/perfect-debounce/-/perfect-debounce-1.0.0.tgz. Extracting by manifest.
233 silly tarball no local data for path-type@https://registry.npmmirror.com/path-type/-/path-type-6.0.0.tgz. Extracting by manifest.
234 silly tarball no local data for oniguruma-to-es@https://registry.npmmirror.com/oniguruma-to-es/-/oniguruma-to-es-3.1.1.tgz. Extracting by manifest.
235 silly tarball no local data for nanoid@https://registry.npmmirror.com/nanoid/-/nanoid-3.3.11.tgz. Extracting by manifest.
236 silly tarball no local data for preact@https://registry.npmmirror.com/preact/-/preact-10.27.2.tgz. Extracting by manifest.
237 silly tarball no local data for mitt@https://registry.npmmirror.com/mitt/-/mitt-3.0.1.tgz. Extracting by manifest.
238 silly tarball no local data for minisearch@https://registry.npmmirror.com/minisearch/-/minisearch-7.2.0.tgz. Extracting by manifest.
239 silly tarball no local data for micromatch@https://registry.npmmirror.com/micromatch/-/micromatch-4.0.8.tgz. Extracting by manifest.
240 silly tarball no local data for micromark-util-types@https://registry.npmmirror.com/micromark-util-types/-/micromark-util-types-2.0.2.tgz. Extracting by manifest.
241 silly tarball no local data for micromark-util-symbol@https://registry.npmmirror.com/micromark-util-symbol/-/micromark-util-symbol-2.0.1.tgz. Extracting by manifest.
242 silly tarball no local data for merge2@https://registry.npmmirror.com/merge2/-/merge2-1.4.1.tgz. Extracting by manifest.
243 silly tarball no local data for micromark-util-character@https://registry.npmmirror.com/micromark-util-character/-/micromark-util-character-2.1.1.tgz. Extracting by manifest.
244 silly tarball no local data for micromark-util-encode@https://registry.npmmirror.com/micromark-util-encode/-/micromark-util-encode-2.0.1.tgz. Extracting by manifest.
245 silly tarball no local data for mdast-util-to-hast@https://registry.npmmirror.com/mdast-util-to-hast/-/mdast-util-to-hast-13.2.0.tgz. Extracting by manifest.
246 silly tarball no local data for micromark-util-sanitize-uri@https://registry.npmmirror.com/micromark-util-sanitize-uri/-/micromark-util-sanitize-uri-2.0.1.tgz. Extracting by manifest.
247 silly tarball no local data for marked@https://registry.npmmirror.com/marked/-/marked-12.0.2.tgz. Extracting by manifest.
248 silly tarball no local data for mark.js@https://registry.npmmirror.com/mark.js/-/mark.js-8.11.1.tgz. Extracting by manifest.
249 silly tarball no local data for magic-string@https://registry.npmmirror.com/magic-string/-/magic-string-0.30.19.tgz. Extracting by manifest.
250 silly tarball no local data for kind-of@https://registry.npmmirror.com/kind-of/-/kind-of-6.0.3.tgz. Extracting by manifest.
251 silly tarball no local data for json-schema-traverse@https://registry.npmmirror.com/json-schema-traverse/-/json-schema-traverse-1.0.0.tgz. Extracting by manifest.
252 silly tarball no local data for js-yaml@https://registry.npmmirror.com/js-yaml/-/js-yaml-3.14.1.tgz. Extracting by manifest.
253 silly tarball no local data for is-what@https://registry.npmmirror.com/is-what/-/is-what-4.1.16.tgz. Extracting by manifest.
254 silly tarball no local data for is-number@https://registry.npmmirror.com/is-number/-/is-number-7.0.0.tgz. Extracting by manifest.
255 silly tarball no local data for is-glob@https://registry.npmmirror.com/is-glob/-/is-glob-4.0.3.tgz. Extracting by manifest.
256 silly tarball no local data for is-extglob@https://registry.npmmirror.com/is-extglob/-/is-extglob-2.1.1.tgz. Extracting by manifest.
257 silly tarball no local data for is-extendable@https://registry.npmmirror.com/is-extendable/-/is-extendable-0.1.1.tgz. Extracting by manifest.
258 silly tarball no local data for ignore@https://registry.npmmirror.com/ignore/-/ignore-7.0.5.tgz. Extracting by manifest.
259 silly tarball no local data for html-void-elements@https://registry.npmmirror.com/html-void-elements/-/html-void-elements-3.0.0.tgz. Extracting by manifest.
260 silly tarball no local data for hookable@https://registry.npmmirror.com/hookable/-/hookable-5.5.3.tgz. Extracting by manifest.
261 silly tarball no local data for hast-util-whitespace@https://registry.npmmirror.com/hast-util-whitespace/-/hast-util-whitespace-3.0.0.tgz. Extracting by manifest.
262 silly tarball no local data for hast-util-to-html@https://registry.npmmirror.com/hast-util-to-html/-/hast-util-to-html-9.0.5.tgz. Extracting by manifest.
263 silly tarball no local data for gray-matter@https://registry.npmmirror.com/gray-matter/-/gray-matter-4.0.3.tgz. Extracting by manifest.
264 silly tarball no local data for globby@https://registry.npmmirror.com/globby/-/globby-14.1.0.tgz. Extracting by manifest.
265 silly tarball no local data for glob-parent@https://registry.npmmirror.com/glob-parent/-/glob-parent-5.1.2.tgz. Extracting by manifest.
266 silly tarball no local data for focus-trap@https://registry.npmmirror.com/focus-trap/-/focus-trap-7.6.5.tgz. Extracting by manifest.
267 silly tarball no local data for fill-range@https://registry.npmmirror.com/fill-range/-/fill-range-7.1.1.tgz. Extracting by manifest.
268 silly tarball no local data for fastq@https://registry.npmmirror.com/fastq/-/fastq-1.19.1.tgz. Extracting by manifest.
269 silly tarball no local data for fast-xml-parser@https://registry.npmmirror.com/fast-xml-parser/-/fast-xml-parser-4.5.3.tgz. Extracting by manifest.
270 silly tarball no local data for fast-uri@https://registry.npmmirror.com/fast-uri/-/fast-uri-3.1.0.tgz. Extracting by manifest.
271 silly tarball no local data for fast-deep-equal@https://registry.npmmirror.com/fast-deep-equal/-/fast-deep-equal-3.1.3.tgz. Extracting by manifest.
272 silly tarball no local data for fast-glob@https://registry.npmmirror.com/fast-glob/-/fast-glob-3.3.3.tgz. Extracting by manifest.
273 silly tarball no local data for estree-walker@https://registry.npmmirror.com/estree-walker/-/estree-walker-2.0.2.tgz. Extracting by manifest.
274 silly tarball no local data for esprima@https://registry.npmmirror.com/esprima/-/esprima-4.0.1.tgz. Extracting by manifest.
275 silly tarball no local data for extend-shallow@https://registry.npmmirror.com/extend-shallow/-/extend-shallow-2.0.1.tgz. Extracting by manifest.
276 silly tarball no local data for esbuild@https://registry.npmmirror.com/esbuild/-/esbuild-0.21.5.tgz. Extracting by manifest.
277 silly tarball no local data for entities@https://registry.npmmirror.com/entities/-/entities-4.5.0.tgz. Extracting by manifest.
278 silly tarball no local data for emoji-regex-xs@https://registry.npmmirror.com/emoji-regex-xs/-/emoji-regex-xs-1.0.0.tgz. Extracting by manifest.
279 silly tarball no local data for devlop@https://registry.npmmirror.com/devlop/-/devlop-1.1.0.tgz. Extracting by manifest.
280 silly tarball no local data for dequal@https://registry.npmmirror.com/dequal/-/dequal-2.0.3.tgz. Extracting by manifest.
281 silly tarball no local data for csstype@https://registry.npmmirror.com/csstype/-/csstype-3.1.3.tgz. Extracting by manifest.
282 silly tarball no local data for copy-anything@https://registry.npmmirror.com/copy-anything/-/copy-anything-3.0.5.tgz. Extracting by manifest.
283 silly tarball no local data for comma-separated-tokens@https://registry.npmmirror.com/comma-separated-tokens/-/comma-separated-tokens-2.0.3.tgz. Extracting by manifest.
284 silly tarball no local data for character-entities-legacy@https://registry.npmmirror.com/character-entities-legacy/-/character-entities-legacy-3.0.0.tgz. Extracting by manifest.
285 silly tarball no local data for character-entities-html4@https://registry.npmmirror.com/character-entities-html4/-/character-entities-html4-2.1.0.tgz. Extracting by manifest.
286 silly tarball no local data for ccount@https://registry.npmmirror.com/ccount/-/ccount-2.0.1.tgz. Extracting by manifest.
287 silly tarball no local data for braces@https://registry.npmmirror.com/braces/-/braces-3.0.3.tgz. Extracting by manifest.
288 silly tarball no local data for birpc@https://registry.npmmirror.com/birpc/-/birpc-2.6.1.tgz. Extracting by manifest.
289 silly tarball no local data for argparse@https://registry.npmmirror.com/argparse/-/argparse-1.0.10.tgz. Extracting by manifest.
290 silly tarball no local data for algoliasearch@https://registry.npmmirror.com/algoliasearch/-/algoliasearch-5.40.0.tgz. Extracting by manifest.
291 silly tarball no local data for ajv@https://registry.npmmirror.com/ajv/-/ajv-8.17.1.tgz. Extracting by manifest.
292 silly tarball no local data for @vueuse/shared@https://registry.npmmirror.com/@vueuse/shared/-/shared-12.8.2.tgz. Extracting by manifest.
293 silly tarball no local data for @vueuse/metadata@https://registry.npmmirror.com/@vueuse/metadata/-/metadata-12.8.2.tgz. Extracting by manifest.
294 silly tarball no local data for @vue/shared@https://registry.npmmirror.com/@vue/shared/-/shared-3.5.22.tgz. Extracting by manifest.
295 silly tarball no local data for @vueuse/core@https://registry.npmmirror.com/@vueuse/core/-/core-12.8.2.tgz. Extracting by manifest.
296 silly tarball no local data for @vueuse/integrations@https://registry.npmmirror.com/@vueuse/integrations/-/integrations-12.8.2.tgz. Extracting by manifest.
297 silly tarball no local data for @vue/server-renderer@https://registry.npmmirror.com/@vue/server-renderer/-/server-renderer-3.5.22.tgz. Extracting by manifest.
298 silly tarball no local data for @vue/runtime-dom@https://registry.npmmirror.com/@vue/runtime-dom/-/runtime-dom-3.5.22.tgz. Extracting by manifest.
299 silly tarball no local data for @vue/runtime-core@https://registry.npmmirror.com/@vue/runtime-core/-/runtime-core-3.5.22.tgz. Extracting by manifest.
300 silly tarball no local data for @vue/devtools-shared@https://registry.npmmirror.com/@vue/devtools-shared/-/devtools-shared-7.7.7.tgz. Extracting by manifest.
301 silly tarball no local data for @vue/reactivity@https://registry.npmmirror.com/@vue/reactivity/-/reactivity-3.5.22.tgz. Extracting by manifest.
302 silly tarball no local data for @vue/devtools-kit@https://registry.npmmirror.com/@vue/devtools-kit/-/devtools-kit-7.7.7.tgz. Extracting by manifest.
303 silly tarball no local data for @vue/compiler-ssr@https://registry.npmmirror.com/@vue/compiler-ssr/-/compiler-ssr-3.5.22.tgz. Extracting by manifest.
304 silly tarball no local data for @vue/compiler-sfc@https://registry.npmmirror.com/@vue/compiler-sfc/-/compiler-sfc-3.5.22.tgz. Extracting by manifest.
305 silly tarball no local data for @vue/compiler-dom@https://registry.npmmirror.com/@vue/compiler-dom/-/compiler-dom-3.5.22.tgz. Extracting by manifest.
306 silly tarball no local data for @vitejs/plugin-vue@https://registry.npmmirror.com/@vitejs/plugin-vue/-/plugin-vue-5.2.4.tgz. Extracting by manifest.
307 silly tarball no local data for @ungap/structured-clone@https://registry.npmmirror.com/@ungap/structured-clone/-/structured-clone-1.3.0.tgz. Extracting by manifest.
308 silly tarball no local data for @types/web-bluetooth@https://registry.npmmirror.com/@types/web-bluetooth/-/web-bluetooth-0.0.21.tgz. Extracting by manifest.
309 silly tarball no local data for @types/unist@https://registry.npmmirror.com/@types/unist/-/unist-3.0.3.tgz. Extracting by manifest.
310 silly tarball no local data for @types/mdurl@https://registry.npmmirror.com/@types/mdurl/-/mdurl-2.0.0.tgz. Extracting by manifest.
311 silly tarball no local data for @types/mdast@https://registry.npmmirror.com/@types/mdast/-/mdast-4.0.4.tgz. Extracting by manifest.
312 silly tarball no local data for @types/markdown-it@https://registry.npmmirror.com/@types/markdown-it/-/markdown-it-14.1.2.tgz. Extracting by manifest.
313 silly tarball no local data for @types/linkify-it@https://registry.npmmirror.com/@types/linkify-it/-/linkify-it-5.0.0.tgz. Extracting by manifest.
314 silly tarball no local data for @types/hast@https://registry.npmmirror.com/@types/hast/-/hast-3.0.4.tgz. Extracting by manifest.
315 silly tarball no local data for @vue/compiler-core@https://registry.npmmirror.com/@vue/compiler-core/-/compiler-core-3.5.22.tgz. Extracting by manifest.
316 silly tarball no local data for @types/estree@https://registry.npmmirror.com/@types/estree/-/estree-1.0.8.tgz. Extracting by manifest.
317 silly tarball no local data for @vue/devtools-api@https://registry.npmmirror.com/@vue/devtools-api/-/devtools-api-7.7.7.tgz. Extracting by manifest.
318 silly tarball no local data for @shikijs/vscode-textmate@https://registry.npmmirror.com/@shikijs/vscode-textmate/-/vscode-textmate-10.0.2.tgz. Extracting by manifest.
319 silly tarball no local data for @sindresorhus/merge-streams@https://registry.npmmirror.com/@sindresorhus/merge-streams/-/merge-streams-2.3.0.tgz. Extracting by manifest.
320 silly tarball no local data for @shikijs/transformers@https://registry.npmmirror.com/@shikijs/transformers/-/transformers-2.5.0.tgz. Extracting by manifest.
321 silly tarball no local data for @shikijs/types@https://registry.npmmirror.com/@shikijs/types/-/types-2.5.0.tgz. Extracting by manifest.
322 silly tarball no local data for @shikijs/themes@https://registry.npmmirror.com/@shikijs/themes/-/themes-2.5.0.tgz. Extracting by manifest.
323 silly tarball no local data for @shikijs/langs@https://registry.npmmirror.com/@shikijs/langs/-/langs-2.5.0.tgz. Extracting by manifest.
324 silly tarball no local data for @shikijs/engine-javascript@https://registry.npmmirror.com/@shikijs/engine-javascript/-/engine-javascript-2.5.0.tgz. Extracting by manifest.
325 silly tarball no local data for @shikijs/core@https://registry.npmmirror.com/@shikijs/core/-/core-2.5.0.tgz. Extracting by manifest.
326 silly tarball no local data for @shikijs/engine-oniguruma@https://registry.npmmirror.com/@shikijs/engine-oniguruma/-/engine-oniguruma-2.5.0.tgz. Extracting by manifest.
327 silly tarball no local data for @rollup/rollup-linux-x64-musl@https://registry.npmmirror.com/@rollup/rollup-linux-x64-musl/-/rollup-linux-x64-musl-4.52.4.tgz. Extracting by manifest.
328 silly tarball no local data for @rollup/rollup-linux-x64-gnu@https://registry.npmmirror.com/@rollup/rollup-linux-x64-gnu/-/rollup-linux-x64-gnu-4.52.4.tgz. Extracting by manifest.
329 silly tarball no local data for @nodelib/fs.walk@https://registry.npmmirror.com/@nodelib/fs.walk/-/fs.walk-1.2.8.tgz. Extracting by manifest.
330 silly tarball no local data for @nodelib/fs.scandir@https://registry.npmmirror.com/@nodelib/fs.scandir/-/fs.scandir-2.1.5.tgz. Extracting by manifest.
331 silly tarball no local data for @jridgewell/sourcemap-codec@https://registry.npmmirror.com/@jridgewell/sourcemap-codec/-/sourcemap-codec-1.5.5.tgz. Extracting by manifest.
332 silly tarball no local data for @iconify/types@https://registry.npmmirror.com/@iconify/types/-/types-2.0.0.tgz. Extracting by manifest.
333 silly tarball no local data for @nodelib/fs.stat@https://registry.npmmirror.com/@nodelib/fs.stat/-/fs.stat-2.0.5.tgz. Extracting by manifest.
334 silly tarball no local data for @iconify-json/simple-icons@https://registry.npmmirror.com/@iconify-json/simple-icons/-/simple-icons-1.2.54.tgz. Extracting by manifest.
335 silly tarball no local data for @esbuild/linux-x64@https://registry.npmmirror.com/@esbuild/linux-x64/-/linux-x64-0.21.5.tgz. Extracting by manifest.
336 silly tarball no local data for @docsearch/react@https://registry.npmmirror.com/@docsearch/react/-/react-3.8.2.tgz. Extracting by manifest.
337 silly tarball no local data for @docsearch/js@https://registry.npmmirror.com/@docsearch/js/-/js-3.8.2.tgz. Extracting by manifest.
338 silly tarball no local data for @docsearch/css@https://registry.npmmirror.com/@docsearch/css/-/css-3.8.2.tgz. Extracting by manifest.
339 silly tarball no local data for @babel/types@https://registry.npmmirror.com/@babel/types/-/types-7.28.4.tgz. Extracting by manifest.
340 silly tarball no local data for @babel/parser@https://registry.npmmirror.com/@babel/parser/-/parser-7.28.4.tgz. Extracting by manifest.
341 silly tarball no local data for @babel/helper-validator-identifier@https://registry.npmmirror.com/@babel/helper-validator-identifier/-/helper-validator-identifier-7.27.1.tgz. Extracting by manifest.
342 silly tarball no local data for @babel/helper-string-parser@https://registry.npmmirror.com/@babel/helper-string-parser/-/helper-string-parser-7.27.1.tgz. Extracting by manifest.
343 silly tarball no local data for @algolia/requester-node-http@https://registry.npmmirror.com/@algolia/requester-node-http/-/requester-node-http-5.40.0.tgz. Extracting by manifest.
344 silly tarball no local data for @algolia/requester-fetch@https://registry.npmmirror.com/@algolia/requester-fetch/-/requester-fetch-5.40.0.tgz. Extracting by manifest.
345 silly tarball no local data for @algolia/requester-browser-xhr@https://registry.npmmirror.com/@algolia/requester-browser-xhr/-/requester-browser-xhr-5.40.0.tgz. Extracting by manifest.
346 silly tarball no local data for @algolia/monitoring@https://registry.npmmirror.com/@algolia/monitoring/-/monitoring-1.40.0.tgz. Extracting by manifest.
347 silly tarball no local data for @algolia/ingestion@https://registry.npmmirror.com/@algolia/ingestion/-/ingestion-1.40.0.tgz. Extracting by manifest.
348 silly tarball no local data for @algolia/client-search@https://registry.npmmirror.com/@algolia/client-search/-/client-search-5.40.0.tgz. Extracting by manifest.
349 silly tarball no local data for @algolia/recommend@https://registry.npmmirror.com/@algolia/recommend/-/recommend-5.40.0.tgz. Extracting by manifest.
350 silly tarball no local data for @algolia/client-query-suggestions@https://registry.npmmirror.com/@algolia/client-query-suggestions/-/client-query-suggestions-5.40.0.tgz. Extracting by manifest.
351 silly tarball no local data for @algolia/client-personalization@https://registry.npmmirror.com/@algolia/client-personalization/-/client-personalization-5.40.0.tgz. Extracting by manifest.
352 silly tarball no local data for @algolia/client-insights@https://registry.npmmirror.com/@algolia/client-insights/-/client-insights-5.40.0.tgz. Extracting by manifest.
353 silly tarball no local data for @algolia/client-common@https://registry.npmmirror.com/@algolia/client-common/-/client-common-5.40.0.tgz. Extracting by manifest.
354 silly tarball no local data for @algolia/client-analytics@https://registry.npmmirror.com/@algolia/client-analytics/-/client-analytics-5.40.0.tgz. Extracting by manifest.
355 silly tarball no local data for @algolia/client-abtesting@https://registry.npmmirror.com/@algolia/client-abtesting/-/client-abtesting-5.40.0.tgz. Extracting by manifest.
356 silly tarball no local data for @algolia/autocomplete-shared@https://registry.npmmirror.com/@algolia/autocomplete-shared/-/autocomplete-shared-1.17.7.tgz. Extracting by manifest.
357 silly tarball no local data for @algolia/autocomplete-preset-algolia@https://registry.npmmirror.com/@algolia/autocomplete-preset-algolia/-/autocomplete-preset-algolia-1.17.7.tgz. Extracting by manifest.
358 silly tarball no local data for @algolia/autocomplete-plugin-algolia-insights@https://registry.npmmirror.com/@algolia/autocomplete-plugin-algolia-insights/-/autocomplete-plugin-algolia-insights-1.17.7.tgz. Extracting by manifest.
359 silly tarball no local data for @algolia/autocomplete-core@https://registry.npmmirror.com/@algolia/autocomplete-core/-/autocomplete-core-1.17.7.tgz. Extracting by manifest.
360 silly tarball no local data for @algolia/abtesting@https://registry.npmmirror.com/@algolia/abtesting/-/abtesting-1.6.0.tgz. Extracting by manifest.
361 http fetch GET 200 https://cdn.npmmirror.com/packages/unist-util-visit-parents/6.0.1/unist-util-visit-parents-6.0.1.tgz 654ms (cache miss)
362 http fetch GET 200 https://cdn.npmmirror.com/packages/source-map-js/1.2.1/source-map-js-1.2.1.tgz 677ms (cache miss)
363 http fetch GET 200 https://cdn.npmmirror.com/packages/unist-util-is/6.0.0/unist-util-is-6.0.0.tgz 687ms (cache miss)
364 http fetch GET 200 https://cdn.npmmirror.com/packages/strnum/1.1.2/strnum-1.1.2.tgz 695ms (cache miss)
365 http fetch GET 200 https://cdn.npmmirror.com/packages/unist-util-stringify-position/4.0.0/unist-util-stringify-position-4.0.0.tgz 720ms (cache miss)
366 http fetch GET 200 https://cdn.npmmirror.com/packages/unist-util-visit/5.0.0/unist-util-visit-5.0.0.tgz 735ms (cache miss)
367 http fetch GET 200 https://cdn.npmmirror.com/packages/slash/5.1.0/slash-5.1.0.tgz 736ms (cache miss)
368 http fetch GET 200 https://cdn.npmmirror.com/packages/section-matter/1.0.0/section-matter-1.0.0.tgz 744ms (cache miss)
369 http fetch GET 200 https://cdn.npmmirror.com/packages/to-regex-range/5.0.1/to-regex-range-5.0.1.tgz 780ms (cache miss)
370 http fetch GET 200 https://cdn.npmmirror.com/packages/trim-lines/3.0.1/trim-lines-3.0.1.tgz 781ms (cache miss)
371 http fetch GET 200 https://cdn.npmmirror.com/packages/zwitch/2.0.4/zwitch-2.0.4.tgz 852ms (cache miss)
372 http fetch GET 200 https://cdn.npmmirror.com/packages/run-parallel/1.2.0/run-parallel-1.2.0.tgz 841ms (cache miss)
373 http fetch GET 200 https://cdn.npmmirror.com/packages/stringify-entities/4.0.4/stringify-entities-4.0.4.tgz 848ms (cache miss)
374 http fetch GET 200 https://cdn.npmmirror.com/packages/rfdc/1.4.1/rfdc-1.4.1.tgz 854ms (cache miss)
375 http fetch GET 200 https://cdn.npmmirror.com/packages/require-from-string/2.0.2/require-from-string-2.0.2.tgz 915ms (cache miss)
376 http fetch GET 200 https://cdn.npmmirror.com/packages/regex-utilities/2.3.0/regex-utilities-2.3.0.tgz 915ms (cache miss)
377 http fetch GET 200 https://cdn.npmmirror.com/packages/regex-recursion/6.0.2/regex-recursion-6.0.2.tgz 919ms (cache miss)
378 http fetch GET 200 https://cdn.npmmirror.com/packages/perfect-debounce/1.0.0/perfect-debounce-1.0.0.tgz 918ms (cache miss)
379 http fetch GET 200 https://cdn.npmmirror.com/packages/queue-microtask/1.2.3/queue-microtask-1.2.3.tgz 922ms (cache miss)
380 http fetch GET 200 https://cdn.npmmirror.com/packages/picocolors/1.1.1/picocolors-1.1.1.tgz 920ms (cache miss)
381 http fetch GET 200 https://cdn.npmmirror.com/packages/path-type/6.0.0/path-type-6.0.0.tgz 921ms (cache miss)
382 http fetch GET 200 https://cdn.npmmirror.com/packages/micromark-util-types/2.0.2/micromark-util-types-2.0.2.tgz 924ms (cache miss)
383 http fetch GET 200 https://cdn.npmmirror.com/packages/reusify/1.1.0/reusify-1.1.0.tgz 932ms (cache miss)
384 http fetch GET 200 https://cdn.npmmirror.com/packages/micromatch/4.0.8/micromatch-4.0.8.tgz 934ms (cache miss)
385 http fetch GET 200 https://cdn.npmmirror.com/packages/mitt/3.0.1/mitt-3.0.1.tgz 934ms (cache miss)
386 http fetch GET 200 https://cdn.npmmirror.com/packages/merge2/1.4.1/merge2-1.4.1.tgz 935ms (cache miss)
387 http fetch GET 200 https://cdn.npmmirror.com/packages/micromark-util-encode/2.0.1/micromark-util-encode-2.0.1.tgz 942ms (cache miss)
388 http fetch GET 200 https://cdn.npmmirror.com/packages/vue/3.5.22/vue-3.5.22.tgz 963ms (cache miss)
389 http fetch GET 200 https://cdn.npmmirror.com/packages/picomatch/2.3.1/picomatch-2.3.1.tgz 948ms (cache miss)
390 http fetch GET 200 https://cdn.npmmirror.com/packages/micromark-util-character/2.1.1/micromark-util-character-2.1.1.tgz 951ms (cache miss)
391 http fetch GET 200 https://cdn.npmmirror.com/packages/micromark-util-sanitize-uri/2.0.1/micromark-util-sanitize-uri-2.0.1.tgz 974ms (cache miss)
392 http fetch GET 200 https://cdn.npmmirror.com/packages/unicorn-magic/0.3.0/unicorn-magic-0.3.0.tgz 1003ms (cache miss)
393 http fetch GET 200 https://cdn.npmmirror.com/packages/speakingurl/14.0.1/speakingurl-14.0.1.tgz 1002ms (cache miss)
394 http fetch GET 200 https://cdn.npmmirror.com/packages/json-schema-traverse/1.0.0/json-schema-traverse-1.0.0.tgz 991ms (cache miss)
395 http fetch GET 200 https://cdn.npmmirror.com/packages/kind-of/6.0.3/kind-of-6.0.3.tgz 993ms (cache miss)
396 http fetch GET 200 https://cdn.npmmirror.com/packages/is-what/4.1.16/is-what-4.1.16.tgz 998ms (cache miss)
397 http fetch GET 200 https://cdn.npmmirror.com/packages/is-glob/4.0.3/is-glob-4.0.3.tgz 1003ms (cache miss)
398 http fetch GET 200 https://cdn.npmmirror.com/packages/is-number/7.0.0/is-number-7.0.0.tgz 1008ms (cache miss)
399 http fetch GET 200 https://cdn.npmmirror.com/packages/is-extendable/0.1.1/is-extendable-0.1.1.tgz 1019ms (cache miss)
400 http fetch GET 200 https://cdn.npmmirror.com/packages/is-extglob/2.1.1/is-extglob-2.1.1.tgz 1022ms (cache miss)
401 http fetch GET 200 https://cdn.npmmirror.com/packages/ignore/7.0.5/ignore-7.0.5.tgz 1026ms (cache miss)
402 http fetch GET 200 https://cdn.npmmirror.com/packages/nanoid/3.3.11/nanoid-3.3.11.tgz 1039ms (cache miss)
403 http fetch GET 200 https://cdn.npmmirror.com/packages/html-void-elements/3.0.0/html-void-elements-3.0.0.tgz 1039ms (cache miss)
404 http fetch GET 200 https://cdn.npmmirror.com/packages/hookable/5.5.3/hookable-5.5.3.tgz 1042ms (cache miss)
405 http fetch GET 200 https://cdn.npmmirror.com/packages/hast-util-whitespace/3.0.0/hast-util-whitespace-3.0.0.tgz 1046ms (cache miss)
406 http fetch GET 200 https://cdn.npmmirror.com/packages/gray-matter/4.0.3/gray-matter-4.0.3.tgz 1050ms (cache miss)
407 http fetch GET 200 https://cdn.npmmirror.com/packages/globby/14.1.0/globby-14.1.0.tgz 1062ms (cache miss)
408 http fetch GET 200 https://cdn.npmmirror.com/packages/glob-parent/5.1.2/glob-parent-5.1.2.tgz 1072ms (cache miss)
409 http fetch GET 200 https://cdn.npmmirror.com/packages/fill-range/7.1.1/fill-range-7.1.1.tgz 1072ms (cache miss)
410 http fetch GET 200 https://cdn.npmmirror.com/packages/fastq/1.19.1/fastq-1.19.1.tgz 1082ms (cache miss)
411 http fetch GET 200 https://cdn.npmmirror.com/packages/fast-deep-equal/3.1.3/fast-deep-equal-3.1.3.tgz 1090ms (cache miss)
412 http fetch GET 200 https://cdn.npmmirror.com/packages/extend-shallow/2.0.1/extend-shallow-2.0.1.tgz 1106ms (cache miss)
413 http fetch GET 200 https://cdn.npmmirror.com/packages/devlop/1.1.0/devlop-1.1.0.tgz 1105ms (cache miss)
414 http fetch GET 200 https://cdn.npmmirror.com/packages/esbuild/0.21.5/esbuild-0.21.5.tgz 1122ms (cache miss)
415 http fetch GET 200 https://cdn.npmmirror.com/packages/comma-separated-tokens/2.0.3/comma-separated-tokens-2.0.3.tgz 1117ms (cache miss)
416 http fetch GET 200 https://cdn.npmmirror.com/packages/copy-anything/3.0.5/copy-anything-3.0.5.tgz 1119ms (cache miss)
417 http fetch GET 200 https://cdn.npmmirror.com/packages/ccount/2.0.1/ccount-2.0.1.tgz 1138ms (cache miss)
418 http fetch GET 200 https://cdn.npmmirror.com/packages/character-entities-html4/2.1.0/character-entities-html4-2.1.0.tgz 1147ms (cache miss)
419 http fetch GET 200 https://cdn.npmmirror.com/packages/micromark-util-symbol/2.0.1/micromark-util-symbol-2.0.1.tgz 1173ms (cache miss)
420 http fetch GET 200 https://cdn.npmmirror.com/packages/dequal/2.0.3/dequal-2.0.3.tgz 1158ms (cache miss)
421 http fetch GET 200 https://cdn.npmmirror.com/packages/birpc/2.6.1/birpc-2.6.1.tgz 1161ms (cache miss)
422 http fetch GET 200 https://cdn.npmmirror.com/packages/character-entities-legacy/3.0.0/character-entities-legacy-3.0.0.tgz 1165ms (cache miss)
423 http fetch GET 200 https://cdn.npmmirror.com/packages/magic-string/0.30.19/magic-string-0.30.19.tgz 1184ms (cache miss)
424 http fetch GET 200 https://cdn.npmmirror.com/packages/emoji-regex-xs/1.0.0/emoji-regex-xs-1.0.0.tgz 1176ms (cache miss)
425 http fetch GET 200 https://cdn.npmmirror.com/packages/%40vue/shared/3.5.22/shared-3.5.22.tgz 1307ms (cache miss)
426 http fetch GET 200 https://cdn.npmmirror.com/packages/%40vueuse/metadata/12.8.2/metadata-12.8.2.tgz 1309ms (cache miss)
427 http fetch GET 200 https://cdn.npmmirror.com/packages/%40vue/devtools-shared/7.7.7/devtools-shared-7.7.7.tgz 1308ms (cache miss)
428 http fetch GET 200 https://cdn.npmmirror.com/packages/esprima/4.0.1/esprima-4.0.1.tgz 1334ms (cache miss)
429 http fetch GET 200 https://cdn.npmmirror.com/packages/%40types/mdurl/2.0.0/mdurl-2.0.0.tgz 1323ms (cache miss)
430 http fetch GET 200 https://cdn.npmmirror.com/packages/%40vue/compiler-ssr/3.5.22/compiler-ssr-3.5.22.tgz 1343ms (cache miss)
431 http fetch GET 200 https://cdn.npmmirror.com/packages/%40types/unist/3.0.3/unist-3.0.3.tgz 1364ms (cache miss)
432 http fetch GET 200 https://cdn.npmmirror.com/packages/braces/3.0.3/braces-3.0.3.tgz 1381ms (cache miss)
433 http fetch GET 200 https://cdn.npmmirror.com/packages/%40types/web-bluetooth/0.0.21/web-bluetooth-0.0.21.tgz 1375ms (cache miss)
434 http fetch GET 200 https://cdn.npmmirror.com/packages/%40types/hast/3.0.4/hast-3.0.4.tgz 1374ms (cache miss)
435 http fetch GET 200 https://cdn.npmmirror.com/packages/%40types/mdast/4.0.4/mdast-4.0.4.tgz 1375ms (cache miss)
436 http fetch GET 200 https://cdn.npmmirror.com/packages/estree-walker/2.0.2/estree-walker-2.0.2.tgz 1417ms (cache miss)
437 http fetch GET 200 https://cdn.npmmirror.com/packages/unist-util-position/5.0.0/unist-util-position-5.0.0.tgz 1464ms (cache miss)
438 http fetch GET 200 https://cdn.npmmirror.com/packages/%40vueuse/shared/12.8.2/shared-12.8.2.tgz 1443ms (cache miss)
439 http fetch GET 200 https://cdn.npmmirror.com/packages/%40types/linkify-it/5.0.0/linkify-it-5.0.0.tgz 1437ms (cache miss)
440 http fetch GET 200 https://cdn.npmmirror.com/packages/%40types/estree/1.0.8/estree-1.0.8.tgz 1437ms (cache miss)
441 http fetch GET 200 https://cdn.npmmirror.com/packages/vfile-message/4.0.3/vfile-message-4.0.3.tgz 1491ms (cache miss)
442 http fetch GET 200 https://cdn.npmmirror.com/packages/%40shikijs/vscode-textmate/10.0.2/vscode-textmate-10.0.2.tgz 1446ms (cache miss)
443 http fetch GET 200 https://cdn.npmmirror.com/packages/%40vue/devtools-api/7.7.7/devtools-api-7.7.7.tgz 1463ms (cache miss)
444 http fetch GET 200 https://cdn.npmmirror.com/packages/%40shikijs/types/2.5.0/types-2.5.0.tgz 1463ms (cache miss)
445 http fetch GET 200 https://cdn.npmmirror.com/packages/%40sindresorhus/merge-streams/2.3.0/merge-streams-2.3.0.tgz 1469ms (cache miss)
446 http fetch GET 200 https://cdn.npmmirror.com/packages/%40ungap/structured-clone/1.3.0/structured-clone-1.3.0.tgz 1478ms (cache miss)
447 http fetch GET 200 https://cdn.npmmirror.com/packages/%40iconify/types/2.0.0/types-2.0.0.tgz 1474ms (cache miss)
448 http fetch GET 200 https://cdn.npmmirror.com/packages/%40shikijs/engine-javascript/2.5.0/engine-javascript-2.5.0.tgz 1484ms (cache miss)
449 http fetch GET 200 https://cdn.npmmirror.com/packages/%40shikijs/transformers/2.5.0/transformers-2.5.0.tgz 1488ms (cache miss)
450 http fetch GET 200 https://cdn.npmmirror.com/packages/%40babel/helper-validator-identifier/7.27.1/helper-validator-identifier-7.27.1.tgz 1490ms (cache miss)
451 http fetch GET 200 https://cdn.npmmirror.com/packages/%40nodelib/fs.walk/1.2.8/fs.walk-1.2.8.tgz 1494ms (cache miss)
452 http fetch GET 200 https://cdn.npmmirror.com/packages/strip-bom-string/1.0.0/strip-bom-string-1.0.0.tgz 1540ms (cache miss)
453 http fetch GET 200 https://cdn.npmmirror.com/packages/%40babel/helper-string-parser/7.27.1/helper-string-parser-7.27.1.tgz 1500ms (cache miss)
454 http fetch GET 200 https://cdn.npmmirror.com/packages/%40algolia/requester-node-http/5.40.0/requester-node-http-5.40.0.tgz 1501ms (cache miss)
455 http fetch GET 200 https://cdn.npmmirror.com/packages/%40algolia/requester-fetch/5.40.0/requester-fetch-5.40.0.tgz 1507ms (cache miss)
456 http fetch GET 200 https://cdn.npmmirror.com/packages/%40vitejs/plugin-vue/5.2.4/plugin-vue-5.2.4.tgz 1523ms (cache miss)
457 http fetch GET 200 https://cdn.npmmirror.com/packages/%40algolia/requester-browser-xhr/5.40.0/requester-browser-xhr-5.40.0.tgz 1513ms (cache miss)
458 http fetch GET 200 https://cdn.npmmirror.com/packages/%40docsearch/css/3.8.2/css-3.8.2.tgz 1521ms (cache miss)
459 http fetch GET 200 https://cdn.npmmirror.com/packages/%40vue/server-renderer/3.5.22/server-renderer-3.5.22.tgz 1581ms (cache miss)
460 http fetch GET 200 https://cdn.npmmirror.com/packages/%40vue/reactivity/3.5.22/reactivity-3.5.22.tgz 1599ms (cache miss)
461 http fetch GET 200 https://cdn.npmmirror.com/packages/%40vue/devtools-kit/7.7.7/devtools-kit-7.7.7.tgz 1603ms (cache miss)
462 http fetch GET 200 https://cdn.npmmirror.com/packages/%40algolia/client-common/5.40.0/client-common-5.40.0.tgz 1609ms (cache miss)
463 http fetch GET 200 https://cdn.npmmirror.com/packages/marked/12.0.2/marked-12.0.2.tgz 1649ms (cache miss)
464 http fetch GET 200 https://cdn.npmmirror.com/packages/focus-trap/7.6.5/focus-trap-7.6.5.tgz 1654ms (cache miss)
465 http fetch GET 200 https://cdn.npmmirror.com/packages/%40shikijs/core/2.5.0/core-2.5.0.tgz 1634ms (cache miss)
466 http fetch GET 200 https://cdn.npmmirror.com/packages/%40vue/compiler-core/3.5.22/compiler-core-3.5.22.tgz 1643ms (cache miss)
467 http fetch GET 200 https://cdn.npmmirror.com/packages/%40nodelib/fs.stat/2.0.5/fs.stat-2.0.5.tgz 1640ms (cache miss)
468 http fetch GET 200 https://cdn.npmmirror.com/packages/fast-uri/3.1.0/fast-uri-3.1.0.tgz 1678ms (cache miss)
469 http fetch GET 200 https://cdn.npmmirror.com/packages/%40vue/compiler-dom/3.5.22/compiler-dom-3.5.22.tgz 1704ms (cache miss)
470 http fetch GET 200 https://cdn.npmmirror.com/packages/%40vue/runtime-core/3.5.22/runtime-core-3.5.22.tgz 1712ms (cache miss)
471 http fetch GET 200 https://cdn.npmmirror.com/packages/%40docsearch/react/3.8.2/react-3.8.2.tgz 1707ms (cache miss)
472 http fetch GET 200 https://cdn.npmmirror.com/packages/%40shikijs/engine-oniguruma/2.5.0/engine-oniguruma-2.5.0.tgz 1719ms (cache miss)
473 http fetch GET 200 https://cdn.npmmirror.com/packages/%40jridgewell/sourcemap-codec/1.5.5/sourcemap-codec-1.5.5.tgz 1723ms (cache miss)
474 http fetch GET 200 https://cdn.npmmirror.com/packages/%40types/markdown-it/14.1.2/markdown-it-14.1.2.tgz 1730ms (cache miss)
475 http fetch GET 200 https://cdn.npmmirror.com/packages/tabbable/6.2.0/tabbable-6.2.0.tgz 1774ms (cache miss)
476 http fetch GET 200 https://cdn.npmmirror.com/packages/csstype/3.1.3/csstype-3.1.3.tgz 1748ms (cache miss)
477 http fetch GET 200 https://cdn.npmmirror.com/packages/vfile/6.0.3/vfile-6.0.3.tgz 1790ms (cache miss)
478 http fetch GET 200 https://cdn.npmmirror.com/packages/%40docsearch/js/3.8.2/js-3.8.2.tgz 1741ms (cache miss)
479 http fetch GET 200 https://cdn.npmmirror.com/packages/%40nodelib/fs.scandir/2.1.5/fs.scandir-2.1.5.tgz 1746ms (cache miss)
480 http fetch GET 200 https://cdn.npmmirror.com/packages/argparse/1.0.10/argparse-1.0.10.tgz 1777ms (cache miss)
481 http fetch GET 200 https://cdn.npmmirror.com/packages/minisearch/7.2.0/minisearch-7.2.0.tgz 1799ms (cache miss)
482 http fetch GET 200 https://cdn.npmmirror.com/packages/postcss/8.5.6/postcss-8.5.6.tgz 1806ms (cache miss)
483 http fetch GET 200 https://cdn.npmmirror.com/packages/%40vue/runtime-dom/3.5.22/runtime-dom-3.5.22.tgz 1784ms (cache miss)
484 http fetch GET 200 https://cdn.npmmirror.com/packages/%40vueuse/core/12.8.2/core-12.8.2.tgz 1793ms (cache miss)
485 http fetch GET 200 https://cdn.npmmirror.com/packages/property-information/7.1.0/property-information-7.1.0.tgz 1847ms (cache miss)
486 http fetch GET 200 https://cdn.npmmirror.com/packages/search-insights/2.17.3/search-insights-2.17.3.tgz 1856ms (cache miss)
487 http fetch GET 200 https://cdn.npmmirror.com/packages/regex/6.0.1/regex-6.0.1.tgz 1885ms (cache miss)
488 http fetch GET 200 https://cdn.npmmirror.com/packages/hast-util-to-html/9.0.5/hast-util-to-html-9.0.5.tgz 1876ms (cache miss)
489 http fetch GET 200 https://cdn.npmmirror.com/packages/%40vueuse/integrations/12.8.2/integrations-12.8.2.tgz 1867ms (cache miss)
490 http fetch GET 200 https://cdn.npmmirror.com/packages/oniguruma-to-es/3.1.1/oniguruma-to-es-3.1.1.tgz 1898ms (cache miss)
491 http fetch GET 200 https://cdn.npmmirror.com/packages/pinyin-pro/3.27.0/pinyin-pro-3.27.0.tgz 1919ms (cache miss)
492 http fetch GET 200 https://cdn.npmmirror.com/packages/%40algolia/client-personalization/5.40.0/client-personalization-5.40.0.tgz 1877ms (cache miss)
493 http fetch GET 200 https://cdn.npmmirror.com/packages/%40algolia/monitoring/1.40.0/monitoring-1.40.0.tgz 1889ms (cache miss)
494 http fetch GET 200 https://cdn.npmmirror.com/packages/%40babel/parser/7.28.4/parser-7.28.4.tgz 1892ms (cache miss)
495 http fetch GET 200 https://cdn.npmmirror.com/packages/%40algolia/client-insights/5.40.0/client-insights-5.40.0.tgz 1891ms (cache miss)
496 http fetch GET 200 https://cdn.npmmirror.com/packages/%40algolia/client-query-suggestions/5.40.0/client-query-suggestions-5.40.0.tgz 1893ms (cache miss)
497 http fetch GET 200 https://cdn.npmmirror.com/packages/%40algolia/client-abtesting/5.40.0/client-abtesting-5.40.0.tgz 1891ms (cache miss)
498 http fetch GET 200 https://cdn.npmmirror.com/packages/%40algolia/abtesting/1.6.0/abtesting-1.6.0.tgz 1893ms (cache miss)
499 http fetch GET 200 https://cdn.npmmirror.com/packages/%40rollup/rollup-linux-x64-musl/4.52.4/rollup-linux-x64-musl-4.52.4.tgz 1921ms (cache miss)
500 http fetch GET 200 https://cdn.npmmirror.com/packages/%40rollup/rollup-linux-x64-gnu/4.52.4/rollup-linux-x64-gnu-4.52.4.tgz 1924ms (cache miss)
501 http fetch GET 200 https://cdn.npmmirror.com/packages/%40vue/compiler-sfc/3.5.22/compiler-sfc-3.5.22.tgz 1934ms (cache miss)
502 http fetch GET 200 https://cdn.npmmirror.com/packages/js-yaml/3.14.1/js-yaml-3.14.1.tgz 1956ms (cache miss)
503 http fetch GET 200 https://cdn.npmmirror.com/packages/%40algolia/autocomplete-plugin-algolia-insights/1.17.7/autocomplete-plugin-algolia-insights-1.17.7.tgz 1930ms (cache miss)
504 http fetch GET 200 https://cdn.npmmirror.com/packages/%40algolia/recommend/5.40.0/recommend-5.40.0.tgz 1938ms (cache miss)
505 http fetch GET 200 https://cdn.npmmirror.com/packages/mdast-util-to-hast/13.2.0/mdast-util-to-hast-13.2.0.tgz 1985ms (cache miss)
506 http fetch GET 200 https://cdn.npmmirror.com/packages/rollup/4.52.4/rollup-4.52.4.tgz 2008ms (cache miss)
507 http fetch GET 200 https://cdn.npmmirror.com/packages/%40algolia/client-analytics/5.40.0/client-analytics-5.40.0.tgz 1989ms (cache miss)
508 http fetch GET 200 https://cdn.npmmirror.com/packages/space-separated-tokens/2.0.2/space-separated-tokens-2.0.2.tgz 2041ms (cache miss)
509 http fetch GET 200 https://cdn.npmmirror.com/packages/fast-glob/3.3.3/fast-glob-3.3.3.tgz 2030ms (cache miss)
510 http fetch GET 200 https://cdn.npmmirror.com/packages/algoliasearch/5.40.0/algoliasearch-5.40.0.tgz 2061ms (cache miss)
511 http fetch GET 200 https://cdn.npmmirror.com/packages/sprintf-js/1.0.3/sprintf-js-1.0.3.tgz 2099ms (cache miss)
512 http fetch GET 200 https://cdn.npmmirror.com/packages/%40algolia/ingestion/1.40.0/ingestion-1.40.0.tgz 2053ms (cache miss)
513 http fetch GET 200 https://cdn.npmmirror.com/packages/entities/4.5.0/entities-4.5.0.tgz 2114ms (cache miss)
514 http fetch GET 200 https://cdn.npmmirror.com/packages/fast-xml-parser/4.5.3/fast-xml-parser-4.5.3.tgz 2140ms (cache miss)
515 http fetch GET 200 https://cdn.npmmirror.com/packages/superjson/2.2.2/superjson-2.2.2.tgz 2166ms (cache miss)
516 http fetch GET 200 https://cdn.npmmirror.com/packages/%40algolia/client-search/5.40.0/client-search-5.40.0.tgz 2119ms (cache miss)
517 http fetch GET 200 https://cdn.npmmirror.com/packages/vite/5.4.20/vite-5.4.20.tgz 2177ms (cache miss)
518 http fetch GET 200 https://cdn.npmmirror.com/packages/%40iconify-json/simple-icons/1.2.54/simple-icons-1.2.54.tgz 2137ms (cache miss)
519 http fetch GET 200 https://cdn.npmmirror.com/packages/%40algolia/autocomplete-preset-algolia/1.17.7/autocomplete-preset-algolia-1.17.7.tgz 2134ms (cache miss)
520 http fetch GET 200 https://cdn.npmmirror.com/packages/%40shikijs/themes/2.5.0/themes-2.5.0.tgz 2185ms (cache miss)
521 http fetch GET 200 https://cdn.npmmirror.com/packages/%40algolia/autocomplete-core/1.17.7/autocomplete-core-1.17.7.tgz 2179ms (cache miss)
522 http fetch GET 200 https://cdn.npmmirror.com/packages/%40algolia/autocomplete-shared/1.17.7/autocomplete-shared-1.17.7.tgz 2237ms (cache miss)
523 http fetch GET 200 https://cdn.npmmirror.com/packages/preact/10.27.2/preact-10.27.2.tgz 2283ms (cache miss)
524 http fetch GET 200 https://cdn.npmmirror.com/packages/%40esbuild/linux-x64/0.21.5/linux-x64-0.21.5.tgz 2304ms (cache miss)
525 http fetch GET 200 https://cdn.npmmirror.com/packages/%40babel/types/7.28.4/types-7.28.4.tgz 1179ms (cache miss)
526 http fetch GET 200 https://cdn.npmmirror.com/packages/vitepress/1.6.4/vitepress-1.6.4.tgz 1325ms (cache miss)
527 http fetch GET 200 https://cdn.npmmirror.com/packages/mark.js/8.11.1/mark.js-8.11.1.tgz 1318ms (cache miss)
528 http fetch GET 200 https://cdn.npmmirror.com/packages/%40shikijs/langs/2.5.0/langs-2.5.0.tgz 1407ms (cache miss)
529 http fetch GET 200 https://cdn.npmmirror.com/packages/ajv/8.17.1/ajv-8.17.1.tgz 1463ms (cache miss)
530 http fetch GET 200 https://cdn.npmmirror.com/packages/shiki/2.5.0/shiki-2.5.0.tgz 1535ms (cache miss)
531 info run esbuild@0.21.5 postinstall node_modules/esbuild node install.js
532 info run esbuild@0.21.5 postinstall { code: 0, signal: null }
533 silly ADD node_modules/zwitch
534 silly ADD node_modules/vue
535 silly ADD node_modules/vitepress
536 silly ADD node_modules/vite
537 silly ADD node_modules/vfile-message
538 silly ADD node_modules/vfile
539 silly ADD node_modules/unist-util-visit-parents
540 silly ADD node_modules/unist-util-visit
541 silly ADD node_modules/unist-util-stringify-position
542 silly ADD node_modules/unist-util-position
543 silly ADD node_modules/unist-util-is
544 silly ADD node_modules/unicorn-magic
545 silly ADD node_modules/trim-lines
546 silly ADD node_modules/to-regex-range
547 silly ADD node_modules/tabbable
548 silly ADD node_modules/superjson
549 silly ADD node_modules/strnum
550 silly ADD node_modules/strip-bom-string
551 silly ADD node_modules/stringify-entities
552 silly ADD node_modules/sprintf-js
553 silly ADD node_modules/speakingurl
554 silly ADD node_modules/space-separated-tokens
555 silly ADD node_modules/source-map-js
556 silly ADD node_modules/slash
557 silly ADD node_modules/shiki
558 silly ADD node_modules/section-matter
559 silly ADD node_modules/search-insights
560 silly ADD node_modules/run-parallel
561 silly ADD node_modules/rollup
562 silly ADD node_modules/rfdc
563 silly ADD node_modules/reusify
564 silly ADD node_modules/require-from-string
565 silly ADD node_modules/regex-utilities
566 silly ADD node_modules/regex-recursion
567 silly ADD node_modules/regex
568 silly ADD node_modules/queue-microtask
569 silly ADD node_modules/property-information
570 silly ADD node_modules/preact
571 silly ADD node_modules/postcss
572 silly ADD node_modules/pinyin-pro
573 silly ADD node_modules/picomatch
574 silly ADD node_modules/picocolors
575 silly ADD node_modules/perfect-debounce
576 silly ADD node_modules/path-type
577 silly ADD node_modules/oniguruma-to-es
578 silly ADD node_modules/nanoid
579 silly ADD node_modules/mitt
580 silly ADD node_modules/minisearch
581 silly ADD node_modules/micromatch
582 silly ADD node_modules/micromark-util-types
583 silly ADD node_modules/micromark-util-symbol
584 silly ADD node_modules/micromark-util-sanitize-uri
585 silly ADD node_modules/micromark-util-encode
586 silly ADD node_modules/micromark-util-character
587 silly ADD node_modules/merge2
588 silly ADD node_modules/mdast-util-to-hast
589 silly ADD node_modules/marked
590 silly ADD node_modules/mark.js
591 silly ADD node_modules/magic-string
592 silly ADD node_modules/kind-of
593 silly ADD node_modules/json-schema-traverse
594 silly ADD node_modules/js-yaml
595 silly ADD node_modules/is-what
596 silly ADD node_modules/is-number
597 silly ADD node_modules/is-glob
598 silly ADD node_modules/is-extglob
599 silly ADD node_modules/is-extendable
600 silly ADD node_modules/ignore
601 silly ADD node_modules/html-void-elements
602 silly ADD node_modules/hookable
603 silly ADD node_modules/hast-util-whitespace
604 silly ADD node_modules/hast-util-to-html
605 silly ADD node_modules/gray-matter
606 silly ADD node_modules/globby
607 silly ADD node_modules/glob-parent
608 silly ADD node_modules/focus-trap
609 silly ADD node_modules/fill-range
610 silly ADD node_modules/fastq
611 silly ADD node_modules/fast-xml-parser
612 silly ADD node_modules/fast-uri
613 silly ADD node_modules/fast-glob
614 silly ADD node_modules/fast-deep-equal
615 silly ADD node_modules/extend-shallow
616 silly ADD node_modules/estree-walker
617 silly ADD node_modules/esprima
618 silly ADD node_modules/esbuild
619 silly ADD node_modules/entities
620 silly ADD node_modules/emoji-regex-xs
621 silly ADD node_modules/devlop
622 silly ADD node_modules/dequal
623 silly ADD node_modules/csstype
624 silly ADD node_modules/copy-anything
625 silly ADD node_modules/comma-separated-tokens
626 silly ADD node_modules/character-entities-legacy
627 silly ADD node_modules/character-entities-html4
628 silly ADD node_modules/ccount
629 silly ADD node_modules/braces
630 silly ADD node_modules/birpc
631 silly ADD node_modules/argparse
632 silly ADD node_modules/algoliasearch
633 silly ADD node_modules/ajv
634 silly ADD node_modules/@vueuse/shared
635 silly ADD node_modules/@vueuse/metadata
636 silly ADD node_modules/@vueuse/integrations
637 silly ADD node_modules/@vueuse/core
638 silly ADD node_modules/@vue/shared
639 silly ADD node_modules/@vue/server-renderer
640 silly ADD node_modules/@vue/runtime-dom
641 silly ADD node_modules/@vue/runtime-core
642 silly ADD node_modules/@vue/reactivity
643 silly ADD node_modules/@vue/devtools-shared
644 silly ADD node_modules/@vue/devtools-kit
645 silly ADD node_modules/@vue/devtools-api
646 silly ADD node_modules/@vue/compiler-ssr
647 silly ADD node_modules/@vue/compiler-sfc
648 silly ADD node_modules/@vue/compiler-dom
649 silly ADD node_modules/@vue/compiler-core
650 silly ADD node_modules/@vitejs/plugin-vue
651 silly ADD node_modules/@ungap/structured-clone
652 silly ADD node_modules/@types/web-bluetooth
653 silly ADD node_modules/@types/unist
654 silly ADD node_modules/@types/mdurl
655 silly ADD node_modules/@types/mdast
656 silly ADD node_modules/@types/markdown-it
657 silly ADD node_modules/@types/linkify-it
658 silly ADD node_modules/@types/hast
659 silly ADD node_modules/@types/estree
660 silly ADD node_modules/@sindresorhus/merge-streams
661 silly ADD node_modules/@shikijs/vscode-textmate
662 silly ADD node_modules/@shikijs/types
663 silly ADD node_modules/@shikijs/transformers
664 silly ADD node_modules/@shikijs/themes
665 silly ADD node_modules/@shikijs/langs
666 silly ADD node_modules/@shikijs/engine-oniguruma
667 silly ADD node_modules/@shikijs/engine-javascript
668 silly ADD node_modules/@shikijs/core
669 silly ADD node_modules/@rollup/rollup-linux-x64-musl
670 silly ADD node_modules/@rollup/rollup-linux-x64-gnu
671 silly ADD node_modules/@nodelib/fs.walk
672 silly ADD node_modules/@nodelib/fs.stat
673 silly ADD node_modules/@nodelib/fs.scandir
674 silly ADD node_modules/@jridgewell/sourcemap-codec
675 silly ADD node_modules/@iconify/types
676 silly ADD node_modules/@iconify-json/simple-icons
677 silly ADD node_modules/@esbuild/linux-x64
678 silly ADD node_modules/@docsearch/react
679 silly ADD node_modules/@docsearch/js
680 silly ADD node_modules/@docsearch/css
681 silly ADD node_modules/@babel/types
682 silly ADD node_modules/@babel/parser
683 silly ADD node_modules/@babel/helper-validator-identifier
684 silly ADD node_modules/@babel/helper-string-parser
685 silly ADD node_modules/@algolia/requester-node-http
686 silly ADD node_modules/@algolia/requester-fetch
687 silly ADD node_modules/@algolia/requester-browser-xhr
688 silly ADD node_modules/@algolia/recommend
689 silly ADD node_modules/@algolia/monitoring
690 silly ADD node_modules/@algolia/ingestion
691 silly ADD node_modules/@algolia/client-search
692 silly ADD node_modules/@algolia/client-query-suggestions
693 silly ADD node_modules/@algolia/client-personalization
694 silly ADD node_modules/@algolia/client-insights
695 silly ADD node_modules/@algolia/client-common
696 silly ADD node_modules/@algolia/client-analytics
697 silly ADD node_modules/@algolia/client-abtesting
698 silly ADD node_modules/@algolia/autocomplete-shared
699 silly ADD node_modules/@algolia/autocomplete-preset-algolia
700 silly ADD node_modules/@algolia/autocomplete-plugin-algolia-insights
701 silly ADD node_modules/@algolia/autocomplete-core
702 silly ADD node_modules/@algolia/abtesting
703 verbose cwd /home/coollxl/code/ling-atlas
704 verbose os Linux 6.6.87.2-microsoft-standard-WSL2
705 verbose node v22.20.0
706 verbose npm  v11.6.2
707 verbose exit 0
708 info ok
